# JRE version: OpenJDK Runtime Environment (7.0_65-b32) (build 1.7.0_65-b32)
# Java VM: OpenJDK 64-Bit Server VM (24.65-b04 mixed mode linux-amd64 compressed oops)
Heap
 PSYoungGen      total 60416K, used 8648K [0x00000000faa80000, 0x0000000100000000, 0x0000000100000000)
  eden space 34304K, 0% used [0x00000000faa80000,0x00000000faa80000,0x00000000fcc00000)
  from space 26112K, 33% used [0x00000000fe500000,0x00000000fed722b8,0x00000000ffe80000)
  to   space 25600K, 0% used [0x00000000fcc00000,0x00000000fcc00000,0x00000000fe500000)
 ParOldGen       total 124928K, used 106783K [0x00000000f0000000, 0x00000000f7a00000, 0x00000000faa80000)
  object space 124928K, 85% used [0x00000000f0000000,0x00000000f6847e38,0x00000000f7a00000)
 PSPermGen       total 21504K, used 13401K [0x00000000e5a00000, 0x00000000e6f00000, 0x00000000f0000000)
  object space 21504K, 62% used [0x00000000e5a00000,0x00000000e6716638,0x00000000e6f00000)
GC Heap History (10 events):
Event: 5.063 GC heap after
Heap after GC invocations=10 (full 0):
 PSYoungGen      total 57856K, used 20342K [0x00000000faa80000, 0x0000000100000000, 0x0000000100000000)
  eden space 34304K, 0% used [0x00000000faa80000,0x00000000faa80000,0x00000000fcc00000)
  from space 23552K, 86% used [0x00000000fe900000,0x00000000ffcdd8c0,0x0000000100000000)
  to   space 26624K, 0% used [0x00000000fcc00000,0x00000000fcc00000,0x00000000fe600000)
 ParOldGen       total 124928K, used 56151K [0x00000000f0000000, 0x00000000f7a00000, 0x00000000faa80000)
  object space 124928K, 44% used [0x00000000f0000000,0x00000000f36d5c88,0x00000000f7a00000)
 PSPermGen       total 21504K, used 13215K [0x00000000e5a00000, 0x00000000e6f00000, 0x00000000f0000000)
  object space 21504K, 61% used [0x00000000e5a00000,0x00000000e66e7d40,0x00000000e6f00000)
}
Event: 5.298 GC heap before
{Heap before GC invocations=11 (full 0):
 PSYoungGen      total 57856K, used 54646K [0x00000000faa80000, 0x0000000100000000, 0x0000000100000000)
  eden space 34304K, 100% used [0x00000000faa80000,0x00000000fcc00000,0x00000000fcc00000)
  from space 23552K, 86% used [0x00000000fe900000,0x00000000ffcdd8c0,0x0000000100000000)
  to   space 26624K, 0% used [0x00000000fcc00000,0x00000000fcc00000,0x00000000fe600000)
 ParOldGen       total 124928K, used 56151K [0x00000000f0000000, 0x00000000f7a00000, 0x00000000faa80000)
  object space 124928K, 44% used [0x00000000f0000000,0x00000000f36d5c88,0x00000000f7a00000)
 PSPermGen       total 21504K, used 13251K [0x00000000e5a00000, 0x00000000e6f00000, 0x00000000f0000000)
  object space 21504K, 61% used [0x00000000e5a00000,0x00000000e66f0e70,0x00000000e6f00000)
Event: 5.316 GC heap after
Heap after GC invocations=11 (full 0):
 PSYoungGen      total 41984K, used 7410K [0x00000000faa80000, 0x0000000100000000, 0x0000000100000000)
  eden space 34304K, 0% used [0x00000000faa80000,0x00000000faa80000,0x00000000fcc00000)
  from space 7680K, 96% used [0x00000000fcc00000,0x00000000fd33c8c8,0x00000000fd380000)
  to   space 27136K, 0% used [0x00000000fe580000,0x00000000fe580000,0x0000000100000000)
 ParOldGen       total 124928K, used 78122K [0x00000000f0000000, 0x00000000f7a00000, 0x00000000faa80000)
  object space 124928K, 62% used [0x00000000f0000000,0x00000000f4c4aa50,0x00000000f7a00000)
 PSPermGen       total 21504K, used 13251K [0x00000000e5a00000, 0x00000000e6f00000, 0x00000000f0000000)
  object space 21504K, 61% used [0x00000000e5a00000,0x00000000e66f0e70,0x00000000e6f00000)
}
Event: 5.568 GC heap before
{Heap before GC invocations=12 (full 0):
 PSYoungGen      total 41984K, used 41714K [0x00000000faa80000, 0x0000000100000000, 0x0000000100000000)
  eden space 34304K, 100% used [0x00000000faa80000,0x00000000fcc00000,0x00000000fcc00000)
  from space 7680K, 96% used [0x00000000fcc00000,0x00000000fd33c8c8,0x00000000fd380000)
  to   space 27136K, 0% used [0x00000000fe580000,0x00000000fe580000,0x0000000100000000)
 ParOldGen       total 124928K, used 78122K [0x00000000f0000000, 0x00000000f7a00000, 0x00000000faa80000)
  object space 124928K, 62% used [0x00000000f0000000,0x00000000f4c4aa50,0x00000000f7a00000)
 PSPermGen       total 21504K, used 13313K [0x00000000e5a00000, 0x00000000e6f00000, 0x00000000f0000000)
  object space 21504K, 61% used [0x00000000e5a00000,0x00000000e6700418,0x00000000e6f00000)
Event: 5.579 GC heap after
Heap after GC invocations=12 (full 0):
 PSYoungGen      total 60928K, used 9570K [0x00000000faa80000, 0x0000000100000000, 0x0000000100000000)
  eden space 33792K, 0% used [0x00000000faa80000,0x00000000faa80000,0x00000000fcb80000)
  from space 27136K, 35% used [0x00000000fe580000,0x00000000feed88d8,0x0000000100000000)
  to   space 26624K, 0% used [0x00000000fcb80000,0x00000000fcb80000,0x00000000fe580000)
 ParOldGen       total 124928K, used 86027K [0x00000000f0000000, 0x00000000f7a00000, 0x00000000faa80000)
  object space 124928K, 68% used [0x00000000f0000000,0x00000000f5402f58,0x00000000f7a00000)
 PSPermGen       total 21504K, used 13313K [0x00000000e5a00000, 0x00000000e6f00000, 0x00000000f0000000)
  object space 21504K, 61% used [0x00000000e5a00000,0x00000000e6700418,0x00000000e6f00000)
}
Event: 5.853 GC heap before
{Heap before GC invocations=13 (full 0):
 PSYoungGen      total 60928K, used 43362K [0x00000000faa80000, 0x0000000100000000, 0x0000000100000000)
  eden space 33792K, 100% used [0x00000000faa80000,0x00000000fcb80000,0x00000000fcb80000)
  from space 27136K, 35% used [0x00000000fe580000,0x00000000feed88d8,0x0000000100000000)
  to   space 26624K, 0% used [0x00000000fcb80000,0x00000000fcb80000,0x00000000fe580000)
 ParOldGen       total 124928K, used 86027K [0x00000000f0000000, 0x00000000f7a00000, 0x00000000faa80000)
  object space 124928K, 68% used [0x00000000f0000000,0x00000000f5402f58,0x00000000f7a00000)
 PSPermGen       total 21504K, used 13361K [0x00000000e5a00000, 0x00000000e6f00000, 0x00000000f0000000)
  object space 21504K, 62% used [0x00000000e5a00000,0x00000000e670c578,0x00000000e6f00000)
Event: 5.867 GC heap after
Heap after GC invocations=13 (full 0):
 PSYoungGen      total 43520K, used 9577K [0x00000000faa80000, 0x00000000ffe80000, 0x0000000100000000)
  eden space 33792K, 0% used [0x00000000faa80000,0x00000000faa80000,0x00000000fcb80000)
  from space 9728K, 98% used [0x00000000fcb80000,0x00000000fd4da7e0,0x00000000fd500000)
  to   space 26112K, 0% used [0x00000000fe500000,0x00000000fe500000,0x00000000ffe80000)
 ParOldGen       total 124928K, used 96386K [0x00000000f0000000, 0x00000000f7a00000, 0x00000000faa80000)
  object space 124928K, 77% used [0x00000000f0000000,0x00000000f5e209e0,0x00000000f7a00000)
 PSPermGen       total 21504K, used 13361K [0x00000000e5a00000, 0x00000000e6f00000, 0x00000000f0000000)
  object space 21504K, 62% used [0x00000000e5a00000,0x00000000e670c578,0x00000000e6f00000)
}
Event: 6.307 GC heap before
{Heap before GC invocations=14 (full 0):
 PSYoungGen      total 43520K, used 43369K [0x00000000faa80000, 0x00000000ffe80000, 0x0000000100000000)
  eden space 33792K, 100% used [0x00000000faa80000,0x00000000fcb80000,0x00000000fcb80000)
  from space 9728K, 98% used [0x00000000fcb80000,0x00000000fd4da7e0,0x00000000fd500000)
  to   space 26112K, 0% used [0x00000000fe500000,0x00000000fe500000,0x00000000ffe80000)
 ParOldGen       total 124928K, used 96386K [0x00000000f0000000, 0x00000000f7a00000, 0x00000000faa80000)
  object space 124928K, 77% used [0x00000000f0000000,0x00000000f5e209e0,0x00000000f7a00000)
 PSPermGen       total 21504K, used 13401K [0x00000000e5a00000, 0x00000000e6f00000, 0x00000000f0000000)
  object space 21504K, 62% used [0x00000000e5a00000,0x00000000e6716638,0x00000000e6f00000)
Event: 6.318 GC heap after
Heap after GC invocations=14 (full 0):
 PSYoungGen      total 60416K, used 8648K [0x00000000faa80000, 0x0000000100000000, 0x0000000100000000)
  eden space 34304K, 0% used [0x00000000faa80000,0x00000000faa80000,0x00000000fcc00000)
  from space 26112K, 33% used [0x00000000fe500000,0x00000000fed722b8,0x00000000ffe80000)
  to   space 25600K, 0% used [0x00000000fcc00000,0x00000000fcc00000,0x00000000fe500000)
 ParOldGen       total 124928K, used 106783K [0x00000000f0000000, 0x00000000f7a00000, 0x00000000faa80000)
  object space 124928K, 85% used [0x00000000f0000000,0x00000000f6847e38,0x00000000f7a00000)
 PSPermGen       total 21504K, used 13401K [0x00000000e5a00000, 0x00000000e6f00000, 0x00000000f0000000)
  object space 21504K, 62% used [0x00000000e5a00000,0x00000000e6716638,0x00000000e6f00000)
}
Event: 6.318 GC heap before
{Heap before GC invocations=15 (full 1):
 PSYoungGen      total 60416K, used 8648K [0x00000000faa80000, 0x0000000100000000, 0x0000000100000000)
  eden space 34304K, 0% used [0x00000000faa80000,0x00000000faa80000,0x00000000fcc00000)
  from space 26112K, 33% used [0x00000000fe500000,0x00000000fed722b8,0x00000000ffe80000)
  to   space 25600K, 0% used [0x00000000fcc00000,0x00000000fcc00000,0x00000000fe500000)
 ParOldGen       total 124928K, used 106783K [0x00000000f0000000, 0x00000000f7a00000, 0x00000000faa80000)
  object space 124928K, 85% used [0x00000000f0000000,0x00000000f6847e38,0x00000000f7a00000)
 PSPermGen       total 21504K, used 13401K [0x00000000e5a00000, 0x00000000e6f00000, 0x00000000f0000000)
  object space 21504K, 62% used [0x00000000e5a00000,0x00000000e6716638,0x00000000e6f00000)

