# JRE version: OpenJDK Runtime Environment (7.0_65-b32) (build 1.7.0_65-b32)
# Java VM: OpenJDK 64-Bit Server VM (24.65-b04 mixed mode linux-amd64 compressed oops)
Heap
 PSYoungGen      total 57344K, used 9190K [0x00000000faa80000, 0x0000000100000000, 0x0000000100000000)
  eden space 29184K, 0% used [0x00000000faa80000,0x00000000faa80000,0x00000000fc700000)
  from space 28160K, 32% used [0x00000000fc700000,0x00000000fcff98e0,0x00000000fe280000)
  to   space 27648K, 0% used [0x00000000fe500000,0x00000000fe500000,0x0000000100000000)
 ParOldGen       total 124928K, used 115493K [0x00000000f0000000, 0x00000000f7a00000, 0x00000000faa80000)
  object space 124928K, 92% used [0x00000000f0000000,0x00000000f70c9480,0x00000000f7a00000)
 PSPermGen       total 21504K, used 13432K [0x00000000e5a00000, 0x00000000e6f00000, 0x00000000f0000000)
  object space 21504K, 62% used [0x00000000e5a00000,0x00000000e671e1a0,0x00000000e6f00000)
GC Heap History (10 events):
Event: 6.000 GC heap after
Heap after GC invocations=11 (full 0):
 PSYoungGen      total 58368K, used 5431K [0x00000000faa80000, 0x0000000100000000, 0x0000000100000000)
  eden space 29184K, 0% used [0x00000000faa80000,0x00000000faa80000,0x00000000fc700000)
  from space 29184K, 18% used [0x00000000fc700000,0x00000000fcc4ddd0,0x00000000fe380000)
  to   space 29184K, 0% used [0x00000000fe380000,0x00000000fe380000,0x0000000100000000)
 ParOldGen       total 124928K, used 80819K [0x00000000f0000000, 0x00000000f7a00000, 0x00000000faa80000)
  object space 124928K, 64% used [0x00000000f0000000,0x00000000f4eecca0,0x00000000f7a00000)
 PSPermGen       total 21504K, used 13257K [0x00000000e5a00000, 0x00000000e6f00000, 0x00000000f0000000)
  object space 21504K, 61% used [0x00000000e5a00000,0x00000000e66f2738,0x00000000e6f00000)
}
Event: 6.264 GC heap before
{Heap before GC invocations=12 (full 0):
 PSYoungGen      total 58368K, used 34615K [0x00000000faa80000, 0x0000000100000000, 0x0000000100000000)
  eden space 29184K, 100% used [0x00000000faa80000,0x00000000fc700000,0x00000000fc700000)
  from space 29184K, 18% used [0x00000000fc700000,0x00000000fcc4ddd0,0x00000000fe380000)
  to   space 29184K, 0% used [0x00000000fe380000,0x00000000fe380000,0x0000000100000000)
 ParOldGen       total 124928K, used 80819K [0x00000000f0000000, 0x00000000f7a00000, 0x00000000faa80000)
  object space 124928K, 64% used [0x00000000f0000000,0x00000000f4eecca0,0x00000000f7a00000)
 PSPermGen       total 21504K, used 13295K [0x00000000e5a00000, 0x00000000e6f00000, 0x00000000f0000000)
  object space 21504K, 61% used [0x00000000e5a00000,0x00000000e66fbf78,0x00000000e6f00000)
Event: 6.276 GC heap after
Heap after GC invocations=12 (full 0):
 PSYoungGen      total 58368K, used 10089K [0x00000000faa80000, 0x0000000100000000, 0x0000000100000000)
  eden space 29184K, 0% used [0x00000000faa80000,0x00000000faa80000,0x00000000fc700000)
  from space 29184K, 34% used [0x00000000fe380000,0x00000000fed5a670,0x0000000100000000)
  to   space 29184K, 0% used [0x00000000fc700000,0x00000000fc700000,0x00000000fe380000)
 ParOldGen       total 124928K, used 86649K [0x00000000f0000000, 0x00000000f7a00000, 0x00000000faa80000)
  object space 124928K, 69% used [0x00000000f0000000,0x00000000f549e6e8,0x00000000f7a00000)
 PSPermGen       total 21504K, used 13295K [0x00000000e5a00000, 0x00000000e6f00000, 0x00000000f0000000)
  object space 21504K, 61% used [0x00000000e5a00000,0x00000000e66fbf78,0x00000000e6f00000)
}
Event: 6.461 GC heap before
{Heap before GC invocations=13 (full 0):
 PSYoungGen      total 58368K, used 39273K [0x00000000faa80000, 0x0000000100000000, 0x0000000100000000)
  eden space 29184K, 100% used [0x00000000faa80000,0x00000000fc700000,0x00000000fc700000)
  from space 29184K, 34% used [0x00000000fe380000,0x00000000fed5a670,0x0000000100000000)
  to   space 29184K, 0% used [0x00000000fc700000,0x00000000fc700000,0x00000000fe380000)
 ParOldGen       total 124928K, used 86649K [0x00000000f0000000, 0x00000000f7a00000, 0x00000000faa80000)
  object space 124928K, 69% used [0x00000000f0000000,0x00000000f549e6e8,0x00000000f7a00000)
 PSPermGen       total 21504K, used 13334K [0x00000000e5a00000, 0x00000000e6f00000, 0x00000000f0000000)
  object space 21504K, 62% used [0x00000000e5a00000,0x00000000e6705b88,0x00000000e6f00000)
Event: 6.470 GC heap after
Heap after GC invocations=13 (full 0):
 PSYoungGen      total 58368K, used 5448K [0x00000000faa80000, 0x0000000100000000, 0x0000000100000000)
  eden space 29184K, 0% used [0x00000000faa80000,0x00000000faa80000,0x00000000fc700000)
  from space 29184K, 18% used [0x00000000fc700000,0x00000000fcc522b8,0x00000000fe380000)
  to   space 29184K, 0% used [0x00000000fe380000,0x00000000fe380000,0x0000000100000000)
 ParOldGen       total 124928K, used 97632K [0x00000000f0000000, 0x00000000f7a00000, 0x00000000faa80000)
  object space 124928K, 78% used [0x00000000f0000000,0x00000000f5f58248,0x00000000f7a00000)
 PSPermGen       total 21504K, used 13334K [0x00000000e5a00000, 0x00000000e6f00000, 0x00000000f0000000)
  object space 21504K, 62% used [0x00000000e5a00000,0x00000000e6705b88,0x00000000e6f00000)
}
Event: 6.808 GC heap before
{Heap before GC invocations=14 (full 0):
 PSYoungGen      total 58368K, used 34632K [0x00000000faa80000, 0x0000000100000000, 0x0000000100000000)
  eden space 29184K, 100% used [0x00000000faa80000,0x00000000fc700000,0x00000000fc700000)
  from space 29184K, 18% used [0x00000000fc700000,0x00000000fcc522b8,0x00000000fe380000)
  to   space 29184K, 0% used [0x00000000fe380000,0x00000000fe380000,0x0000000100000000)
 ParOldGen       total 124928K, used 97632K [0x00000000f0000000, 0x00000000f7a00000, 0x00000000faa80000)
  object space 124928K, 78% used [0x00000000f0000000,0x00000000f5f58248,0x00000000f7a00000)
 PSPermGen       total 21504K, used 13389K [0x00000000e5a00000, 0x00000000e6f00000, 0x00000000f0000000)
  object space 21504K, 62% used [0x00000000e5a00000,0x00000000e67135a8,0x00000000e6f00000)
Event: 6.820 GC heap after
Heap after GC invocations=14 (full 0):
 PSYoungGen      total 56320K, used 11066K [0x00000000faa80000, 0x00000000ffe00000, 0x0000000100000000)
  eden space 29184K, 0% used [0x00000000faa80000,0x00000000faa80000,0x00000000fc700000)
  from space 27136K, 40% used [0x00000000fe380000,0x00000000fee4eb18,0x00000000ffe00000)
  to   space 28160K, 0% used [0x00000000fc700000,0x00000000fc700000,0x00000000fe280000)
 ParOldGen       total 124928K, used 103480K [0x00000000f0000000, 0x00000000f7a00000, 0x00000000faa80000)
  object space 124928K, 82% used [0x00000000f0000000,0x00000000f650e038,0x00000000f7a00000)
 PSPermGen       total 21504K, used 13389K [0x00000000e5a00000, 0x00000000e6f00000, 0x00000000f0000000)
  object space 21504K, 62% used [0x00000000e5a00000,0x00000000e67135a8,0x00000000e6f00000)
}
Event: 7.092 GC heap before
{Heap before GC invocations=15 (full 0):
 PSYoungGen      total 56320K, used 40250K [0x00000000faa80000, 0x00000000ffe00000, 0x0000000100000000)
  eden space 29184K, 100% used [0x00000000faa80000,0x00000000fc700000,0x00000000fc700000)
  from space 27136K, 40% used [0x00000000fe380000,0x00000000fee4eb18,0x00000000ffe00000)
  to   space 28160K, 0% used [0x00000000fc700000,0x00000000fc700000,0x00000000fe280000)
 ParOldGen       total 124928K, used 103480K [0x00000000f0000000, 0x00000000f7a00000, 0x00000000faa80000)
  object space 124928K, 82% used [0x00000000f0000000,0x00000000f650e038,0x00000000f7a00000)
 PSPermGen       total 21504K, used 13432K [0x00000000e5a00000, 0x00000000e6f00000, 0x00000000f0000000)
  object space 21504K, 62% used [0x00000000e5a00000,0x00000000e671e1a0,0x00000000e6f00000)
Event: 7.110 GC heap after
Heap after GC invocations=15 (full 0):
 PSYoungGen      total 57344K, used 9190K [0x00000000faa80000, 0x0000000100000000, 0x0000000100000000)
  eden space 29184K, 0% used [0x00000000faa80000,0x00000000faa80000,0x00000000fc700000)
  from space 28160K, 32% used [0x00000000fc700000,0x00000000fcff98e0,0x00000000fe280000)
  to   space 27648K, 0% used [0x00000000fe500000,0x00000000fe500000,0x0000000100000000)
 ParOldGen       total 124928K, used 115493K [0x00000000f0000000, 0x00000000f7a00000, 0x00000000faa80000)
  object space 124928K, 92% used [0x00000000f0000000,0x00000000f70c9480,0x00000000f7a00000)
 PSPermGen       total 21504K, used 13432K [0x00000000e5a00000, 0x00000000e6f00000, 0x00000000f0000000)
  object space 21504K, 62% used [0x00000000e5a00000,0x00000000e671e1a0,0x00000000e6f00000)
}
Event: 7.110 GC heap before
{Heap before GC invocations=16 (full 1):
 PSYoungGen      total 57344K, used 9190K [0x00000000faa80000, 0x0000000100000000, 0x0000000100000000)
  eden space 29184K, 0% used [0x00000000faa80000,0x00000000faa80000,0x00000000fc700000)
  from space 28160K, 32% used [0x00000000fc700000,0x00000000fcff98e0,0x00000000fe280000)
  to   space 27648K, 0% used [0x00000000fe500000,0x00000000fe500000,0x0000000100000000)
 ParOldGen       total 124928K, used 115493K [0x00000000f0000000, 0x00000000f7a00000, 0x00000000faa80000)
  object space 124928K, 92% used [0x00000000f0000000,0x00000000f70c9480,0x00000000f7a00000)
 PSPermGen       total 21504K, used 13432K [0x00000000e5a00000, 0x00000000e6f00000, 0x00000000f0000000)
  object space 21504K, 62% used [0x00000000e5a00000,0x00000000e671e1a0,0x00000000e6f00000)

