# JRE version: OpenJDK Runtime Environment (7.0_55-b14) (build 1.7.0_55-b14)
# Java VM: OpenJDK 64-Bit Server VM (24.51-b03 mixed mode linux-amd64 compressed oops)
Heap
 PSYoungGen      total 65536K, used 10225K [0x00000000faa80000, 0x0000000100000000, 0x0000000100000000)
  eden space 45568K, 0% used [0x00000000faa80000,0x00000000faa80000,0x00000000fd700000)
  from space 19968K, 51% used [0x00000000fd700000,0x00000000fe0fc460,0x00000000fea80000)
  to   space 19456K, 0% used [0x00000000fed00000,0x00000000fed00000,0x0000000100000000)
 ParOldGen       total 81920K, used 74985K [0x00000000f0000000, 0x00000000f5000000, 0x00000000faa80000)
  object space 81920K, 91% used [0x00000000f0000000,0x00000000f493a4f0,0x00000000f5000000)
 PSPermGen       total 21504K, used 13150K [0x00000000e5a00000, 0x00000000e6f00000, 0x00000000f0000000)
  object space 21504K, 61% used [0x00000000e5a00000,0x00000000e66d7b68,0x00000000e6f00000)
GC Heap History (10 events):
Event: 3.638 GC heap after
Heap after GC invocations=9 (full 0):
 PSYoungGen      total 65024K, used 12726K [0x00000000faa80000, 0x0000000100000000, 0x0000000100000000)
  eden space 42496K, 0% used [0x00000000faa80000,0x00000000faa80000,0x00000000fd400000)
  from space 22528K, 56% used [0x00000000fd400000,0x00000000fe06d970,0x00000000fea00000)
  to   space 21504K, 0% used [0x00000000feb00000,0x00000000feb00000,0x0000000100000000)
 ParOldGen       total 81920K, used 33459K [0x00000000f0000000, 0x00000000f5000000, 0x00000000faa80000)
  object space 81920K, 40% used [0x00000000f0000000,0x00000000f20aced8,0x00000000f5000000)
 PSPermGen       total 21504K, used 12842K [0x00000000e5a00000, 0x00000000e6f00000, 0x00000000f0000000)
  object space 21504K, 59% used [0x00000000e5a00000,0x00000000e668abe0,0x00000000e6f00000)
}
Event: 4.108 GC heap before
{Heap before GC invocations=10 (full 0):
 PSYoungGen      total 65024K, used 55222K [0x00000000faa80000, 0x0000000100000000, 0x0000000100000000)
  eden space 42496K, 100% used [0x00000000faa80000,0x00000000fd400000,0x00000000fd400000)
  from space 22528K, 56% used [0x00000000fd400000,0x00000000fe06d970,0x00000000fea00000)
  to   space 21504K, 0% used [0x00000000feb00000,0x00000000feb00000,0x0000000100000000)
 ParOldGen       total 81920K, used 33459K [0x00000000f0000000, 0x00000000f5000000, 0x00000000faa80000)
  object space 81920K, 40% used [0x00000000f0000000,0x00000000f20aced8,0x00000000f5000000)
 PSPermGen       total 21504K, used 12991K [0x00000000e5a00000, 0x00000000e6f00000, 0x00000000f0000000)
  object space 21504K, 60% used [0x00000000e5a00000,0x00000000e66afc48,0x00000000e6f00000)
Event: 4.122 GC heap after
Heap after GC invocations=10 (full 0):
 PSYoungGen      total 62976K, used 12572K [0x00000000faa80000, 0x00000000ffe00000, 0x0000000100000000)
  eden space 43520K, 0% used [0x00000000faa80000,0x00000000faa80000,0x00000000fd500000)
  from space 19456K, 64% used [0x00000000feb00000,0x00000000ff747350,0x00000000ffe00000)
  to   space 20992K, 0% used [0x00000000fd500000,0x00000000fd500000,0x00000000fe980000)
 ParOldGen       total 81920K, used 42951K [0x00000000f0000000, 0x00000000f5000000, 0x00000000faa80000)
  object space 81920K, 52% used [0x00000000f0000000,0x00000000f29f1e00,0x00000000f5000000)
 PSPermGen       total 21504K, used 12991K [0x00000000e5a00000, 0x00000000e6f00000, 0x00000000f0000000)
  object space 21504K, 60% used [0x00000000e5a00000,0x00000000e66afc48,0x00000000e6f00000)
}
Event: 4.529 GC heap before
{Heap before GC invocations=11 (full 0):
 PSYoungGen      total 62976K, used 56092K [0x00000000faa80000, 0x00000000ffe00000, 0x0000000100000000)
  eden space 43520K, 100% used [0x00000000faa80000,0x00000000fd500000,0x00000000fd500000)
  from space 19456K, 64% used [0x00000000feb00000,0x00000000ff747350,0x00000000ffe00000)
  to   space 20992K, 0% used [0x00000000fd500000,0x00000000fd500000,0x00000000fe980000)
 ParOldGen       total 81920K, used 42951K [0x00000000f0000000, 0x00000000f5000000, 0x00000000faa80000)
  object space 81920K, 52% used [0x00000000f0000000,0x00000000f29f1e00,0x00000000f5000000)
 PSPermGen       total 21504K, used 13028K [0x00000000e5a00000, 0x00000000e6f00000, 0x00000000f0000000)
  object space 21504K, 60% used [0x00000000e5a00000,0x00000000e66b91a8,0x00000000e6f00000)
Event: 4.542 GC heap after
Heap after GC invocations=11 (full 0):
 PSYoungGen      total 64512K, used 6794K [0x00000000faa80000, 0x0000000100000000, 0x0000000100000000)
  eden space 43520K, 0% used [0x00000000faa80000,0x00000000faa80000,0x00000000fd500000)
  from space 20992K, 32% used [0x00000000fd500000,0x00000000fdba2aa8,0x00000000fe980000)
  to   space 20992K, 0% used [0x00000000feb80000,0x00000000feb80000,0x0000000100000000)
 ParOldGen       total 81920K, used 56365K [0x00000000f0000000, 0x00000000f5000000, 0x00000000faa80000)
  object space 81920K, 68% used [0x00000000f0000000,0x00000000f370b700,0x00000000f5000000)
 PSPermGen       total 21504K, used 13028K [0x00000000e5a00000, 0x00000000e6f00000, 0x00000000f0000000)
  object space 21504K, 60% used [0x00000000e5a00000,0x00000000e66b91a8,0x00000000e6f00000)
}
Event: 4.998 GC heap before
{Heap before GC invocations=12 (full 0):
 PSYoungGen      total 64512K, used 50314K [0x00000000faa80000, 0x0000000100000000, 0x0000000100000000)
  eden space 43520K, 100% used [0x00000000faa80000,0x00000000fd500000,0x00000000fd500000)
  from space 20992K, 32% used [0x00000000fd500000,0x00000000fdba2aa8,0x00000000fe980000)
  to   space 20992K, 0% used [0x00000000feb80000,0x00000000feb80000,0x0000000100000000)
 ParOldGen       total 81920K, used 56365K [0x00000000f0000000, 0x00000000f5000000, 0x00000000faa80000)
  object space 81920K, 68% used [0x00000000f0000000,0x00000000f370b700,0x00000000f5000000)
 PSPermGen       total 21504K, used 13098K [0x00000000e5a00000, 0x00000000e6f00000, 0x00000000f0000000)
  object space 21504K, 60% used [0x00000000e5a00000,0x00000000e66ca928,0x00000000e6f00000)
Event: 5.009 GC heap after
Heap after GC invocations=12 (full 0):
 PSYoungGen      total 64512K, used 10468K [0x00000000faa80000, 0x00000000ffe00000, 0x0000000100000000)
  eden space 45568K, 0% used [0x00000000faa80000,0x00000000faa80000,0x00000000fd700000)
  from space 18944K, 55% used [0x00000000feb80000,0x00000000ff5b91c0,0x00000000ffe00000)
  to   space 19968K, 0% used [0x00000000fd700000,0x00000000fd700000,0x00000000fea80000)
 ParOldGen       total 81920K, used 63702K [0x00000000f0000000, 0x00000000f5000000, 0x00000000faa80000)
  object space 81920K, 77% used [0x00000000f0000000,0x00000000f3e35b88,0x00000000f5000000)
 PSPermGen       total 21504K, used 13098K [0x00000000e5a00000, 0x00000000e6f00000, 0x00000000f0000000)
  object space 21504K, 60% used [0x00000000e5a00000,0x00000000e66ca928,0x00000000e6f00000)
}
Event: 5.366 GC heap before
{Heap before GC invocations=13 (full 0):
 PSYoungGen      total 64512K, used 56036K [0x00000000faa80000, 0x00000000ffe00000, 0x0000000100000000)
  eden space 45568K, 100% used [0x00000000faa80000,0x00000000fd700000,0x00000000fd700000)
  from space 18944K, 55% used [0x00000000feb80000,0x00000000ff5b91c0,0x00000000ffe00000)
  to   space 19968K, 0% used [0x00000000fd700000,0x00000000fd700000,0x00000000fea80000)
 ParOldGen       total 81920K, used 63702K [0x00000000f0000000, 0x00000000f5000000, 0x00000000faa80000)
  object space 81920K, 77% used [0x00000000f0000000,0x00000000f3e35b88,0x00000000f5000000)
 PSPermGen       total 21504K, used 13150K [0x00000000e5a00000, 0x00000000e6f00000, 0x00000000f0000000)
  object space 21504K, 61% used [0x00000000e5a00000,0x00000000e66d7b68,0x00000000e6f00000)
Event: 5.377 GC heap after
Heap after GC invocations=13 (full 0):
 PSYoungGen      total 65536K, used 10225K [0x00000000faa80000, 0x0000000100000000, 0x0000000100000000)
  eden space 45568K, 0% used [0x00000000faa80000,0x00000000faa80000,0x00000000fd700000)
  from space 19968K, 51% used [0x00000000fd700000,0x00000000fe0fc460,0x00000000fea80000)
  to   space 19456K, 0% used [0x00000000fed00000,0x00000000fed00000,0x0000000100000000)
 ParOldGen       total 81920K, used 74985K [0x00000000f0000000, 0x00000000f5000000, 0x00000000faa80000)
  object space 81920K, 91% used [0x00000000f0000000,0x00000000f493a4f0,0x00000000f5000000)
 PSPermGen       total 21504K, used 13150K [0x00000000e5a00000, 0x00000000e6f00000, 0x00000000f0000000)
  object space 21504K, 61% used [0x00000000e5a00000,0x00000000e66d7b68,0x00000000e6f00000)
}
Event: 5.377 GC heap before
{Heap before GC invocations=14 (full 1):
 PSYoungGen      total 65536K, used 10225K [0x00000000faa80000, 0x0000000100000000, 0x0000000100000000)
  eden space 45568K, 0% used [0x00000000faa80000,0x00000000faa80000,0x00000000fd700000)
  from space 19968K, 51% used [0x00000000fd700000,0x00000000fe0fc460,0x00000000fea80000)
  to   space 19456K, 0% used [0x00000000fed00000,0x00000000fed00000,0x0000000100000000)
 ParOldGen       total 81920K, used 74985K [0x00000000f0000000, 0x00000000f5000000, 0x00000000faa80000)
  object space 81920K, 91% used [0x00000000f0000000,0x00000000f493a4f0,0x00000000f5000000)
 PSPermGen       total 21504K, used 13150K [0x00000000e5a00000, 0x00000000e6f00000, 0x00000000f0000000)
  object space 21504K, 61% used [0x00000000e5a00000,0x00000000e66d7b68,0x00000000e6f00000)

