# JRE version: OpenJDK Runtime Environment (7.0_55-b14) (build 1.7.0_55-b14)
# Java VM: OpenJDK 64-Bit Server VM (24.51-b03 mixed mode linux-amd64 compressed oops)
Heap
 PSYoungGen      total 64512K, used 35953K [0x00000000faa80000, 0x00000000ffd80000, 0x0000000100000000)
  eden space 43520K, 81% used [0x00000000faa80000,0x00000000fcd2c410,0x00000000fd500000)
  from space 20992K, 2% used [0x00000000fd500000,0x00000000fd570000,0x00000000fe980000)
  to   space 19968K, 0% used [0x00000000fea00000,0x00000000fea00000,0x00000000ffd80000)
 ParOldGen       total 100864K, used 28552K [0x00000000f0000000, 0x00000000f6280000, 0x00000000faa80000)
  object space 100864K, 28% used [0x00000000f0000000,0x00000000f1be2198,0x00000000f6280000)
 PSPermGen       total 30720K, used 16947K [0x00000000e5a00000, 0x00000000e7800000, 0x00000000f0000000)
  object space 30720K, 55% used [0x00000000e5a00000,0x00000000e6a8ce08,0x00000000e7800000)
GC Heap History (10 events):
Event: 7.565 GC heap before
{Heap before GC invocations=23 (full 2):
 PSYoungGen      total 64512K, used 42092K [0x00000000faa80000, 0x0000000100000000, 0x0000000100000000)
  eden space 41472K, 100% used [0x00000000faa80000,0x00000000fd300000,0x00000000fd300000)
  from space 23040K, 2% used [0x00000000fe980000,0x00000000fea1b230,0x0000000100000000)
  to   space 23040K, 0% used [0x00000000fd300000,0x00000000fd300000,0x00000000fe980000)
 ParOldGen       total 100864K, used 23529K [0x00000000f0000000, 0x00000000f6280000, 0x00000000faa80000)
  object space 100864K, 23% used [0x00000000f0000000,0x00000000f16fa7f0,0x00000000f6280000)
 PSPermGen       total 30720K, used 14835K [0x00000000e5a00000, 0x00000000e7800000, 0x00000000f0000000)
  object space 30720K, 48% used [0x00000000e5a00000,0x00000000e687cf88,0x00000000e7800000)
Event: 7.568 GC heap after
Heap after GC invocations=23 (full 2):
 PSYoungGen      total 43520K, used 1693K [0x00000000faa80000, 0x00000000fff00000, 0x0000000100000000)
  eden space 41472K, 0% used [0x00000000faa80000,0x00000000faa80000,0x00000000fd300000)
  from space 2048K, 82% used [0x00000000fd300000,0x00000000fd4a7580,0x00000000fd500000)
  to   space 22528K, 0% used [0x00000000fe900000,0x00000000fe900000,0x00000000fff00000)
 ParOldGen       total 100864K, used 23951K [0x00000000f0000000, 0x00000000f6280000, 0x00000000faa80000)
  object space 100864K, 23% used [0x00000000f0000000,0x00000000f1763df8,0x00000000f6280000)
 PSPermGen       total 30720K, used 14835K [0x00000000e5a00000, 0x00000000e7800000, 0x00000000f0000000)
  object space 30720K, 48% used [0x00000000e5a00000,0x00000000e687cf88,0x00000000e7800000)
}
Event: 7.896 GC heap before
{Heap before GC invocations=24 (full 2):
 PSYoungGen      total 43520K, used 43165K [0x00000000faa80000, 0x00000000fff00000, 0x0000000100000000)
  eden space 41472K, 100% used [0x00000000faa80000,0x00000000fd300000,0x00000000fd300000)
  from space 2048K, 82% used [0x00000000fd300000,0x00000000fd4a7580,0x00000000fd500000)
  to   space 22528K, 0% used [0x00000000fe900000,0x00000000fe900000,0x00000000fff00000)
 ParOldGen       total 100864K, used 23951K [0x00000000f0000000, 0x00000000f6280000, 0x00000000faa80000)
  object space 100864K, 23% used [0x00000000f0000000,0x00000000f1763df8,0x00000000f6280000)
 PSPermGen       total 30720K, used 15856K [0x00000000e5a00000, 0x00000000e7800000, 0x00000000f0000000)
  object space 30720K, 51% used [0x00000000e5a00000,0x00000000e697c068,0x00000000e7800000)
Event: 7.902 GC heap after
Heap after GC invocations=24 (full 2):
 PSYoungGen      total 64512K, used 2319K [0x00000000faa80000, 0x0000000100000000, 0x0000000100000000)
  eden space 41984K, 0% used [0x00000000faa80000,0x00000000faa80000,0x00000000fd380000)
  from space 22528K, 10% used [0x00000000fe900000,0x00000000feb43e50,0x00000000fff00000)
  to   space 22016K, 0% used [0x00000000fd380000,0x00000000fd380000,0x00000000fe900000)
 ParOldGen       total 100864K, used 25277K [0x00000000f0000000, 0x00000000f6280000, 0x00000000faa80000)
  object space 100864K, 25% used [0x00000000f0000000,0x00000000f18af458,0x00000000f6280000)
 PSPermGen       total 30720K, used 15856K [0x00000000e5a00000, 0x00000000e7800000, 0x00000000f0000000)
  object space 30720K, 51% used [0x00000000e5a00000,0x00000000e697c068,0x00000000e7800000)
}
Event: 8.083 GC heap before
{Heap before GC invocations=25 (full 2):
 PSYoungGen      total 64512K, used 44303K [0x00000000faa80000, 0x0000000100000000, 0x0000000100000000)
  eden space 41984K, 100% used [0x00000000faa80000,0x00000000fd380000,0x00000000fd380000)
  from space 22528K, 10% used [0x00000000fe900000,0x00000000feb43e50,0x00000000fff00000)
  to   space 22016K, 0% used [0x00000000fd380000,0x00000000fd380000,0x00000000fe900000)
 ParOldGen       total 100864K, used 25277K [0x00000000f0000000, 0x00000000f6280000, 0x00000000faa80000)
  object space 100864K, 25% used [0x00000000f0000000,0x00000000f18af458,0x00000000f6280000)
 PSPermGen       total 30720K, used 15858K [0x00000000e5a00000, 0x00000000e7800000, 0x00000000f0000000)
  object space 30720K, 51% used [0x00000000e5a00000,0x00000000e697c9f0,0x00000000e7800000)
Event: 8.089 GC heap after
Heap after GC invocations=25 (full 2):
 PSYoungGen      total 64000K, used 1280K [0x00000000faa80000, 0x00000000ffe80000, 0x0000000100000000)
  eden space 41984K, 0% used [0x00000000faa80000,0x00000000faa80000,0x00000000fd380000)
  from space 22016K, 5% used [0x00000000fd380000,0x00000000fd4c0000,0x00000000fe900000)
  to   space 21504K, 0% used [0x00000000fe980000,0x00000000fe980000,0x00000000ffe80000)
 ParOldGen       total 100864K, used 27040K [0x00000000f0000000, 0x00000000f6280000, 0x00000000faa80000)
  object space 100864K, 26% used [0x00000000f0000000,0x00000000f1a68168,0x00000000f6280000)
 PSPermGen       total 30720K, used 15858K [0x00000000e5a00000, 0x00000000e7800000, 0x00000000f0000000)
  object space 30720K, 51% used [0x00000000e5a00000,0x00000000e697c9f0,0x00000000e7800000)
}
Event: 8.147 GC heap before
{Heap before GC invocations=26 (full 2):
 PSYoungGen      total 64000K, used 43264K [0x00000000faa80000, 0x00000000ffe80000, 0x0000000100000000)
  eden space 41984K, 100% used [0x00000000faa80000,0x00000000fd380000,0x00000000fd380000)
  from space 22016K, 5% used [0x00000000fd380000,0x00000000fd4c0000,0x00000000fe900000)
  to   space 21504K, 0% used [0x00000000fe980000,0x00000000fe980000,0x00000000ffe80000)
 ParOldGen       total 100864K, used 27040K [0x00000000f0000000, 0x00000000f6280000, 0x00000000faa80000)
  object space 100864K, 26% used [0x00000000f0000000,0x00000000f1a68168,0x00000000f6280000)
 PSPermGen       total 30720K, used 15861K [0x00000000e5a00000, 0x00000000e7800000, 0x00000000f0000000)
  object space 30720K, 51% used [0x00000000e5a00000,0x00000000e697d5c8,0x00000000e7800000)
Event: 8.150 GC heap after
Heap after GC invocations=26 (full 2):
 PSYoungGen      total 65024K, used 599K [0x00000000faa80000, 0x00000000ffe80000, 0x0000000100000000)
  eden space 43520K, 0% used [0x00000000faa80000,0x00000000faa80000,0x00000000fd500000)
  from space 21504K, 2% used [0x00000000fe980000,0x00000000fea15c58,0x00000000ffe80000)
  to   space 20992K, 0% used [0x00000000fd500000,0x00000000fd500000,0x00000000fe980000)
 ParOldGen       total 100864K, used 28104K [0x00000000f0000000, 0x00000000f6280000, 0x00000000faa80000)
  object space 100864K, 27% used [0x00000000f0000000,0x00000000f1b72198,0x00000000f6280000)
 PSPermGen       total 30720K, used 15861K [0x00000000e5a00000, 0x00000000e7800000, 0x00000000f0000000)
  object space 30720K, 51% used [0x00000000e5a00000,0x00000000e697d5c8,0x00000000e7800000)
}
Event: 8.217 GC heap before
{Heap before GC invocations=27 (full 2):
 PSYoungGen      total 65024K, used 44119K [0x00000000faa80000, 0x00000000ffe80000, 0x0000000100000000)
  eden space 43520K, 100% used [0x00000000faa80000,0x00000000fd500000,0x00000000fd500000)
  from space 21504K, 2% used [0x00000000fe980000,0x00000000fea15c58,0x00000000ffe80000)
  to   space 20992K, 0% used [0x00000000fd500000,0x00000000fd500000,0x00000000fe980000)
 ParOldGen       total 100864K, used 28104K [0x00000000f0000000, 0x00000000f6280000, 0x00000000faa80000)
  object space 100864K, 27% used [0x00000000f0000000,0x00000000f1b72198,0x00000000f6280000)
 PSPermGen       total 30720K, used 15865K [0x00000000e5a00000, 0x00000000e7800000, 0x00000000f0000000)
  object space 30720K, 51% used [0x00000000e5a00000,0x00000000e697e7d8,0x00000000e7800000)
Event: 8.219 GC heap after
Heap after GC invocations=27 (full 2):
 PSYoungGen      total 64512K, used 448K [0x00000000faa80000, 0x00000000ffd80000, 0x0000000100000000)
  eden space 43520K, 0% used [0x00000000faa80000,0x00000000faa80000,0x00000000fd500000)
  from space 20992K, 2% used [0x00000000fd500000,0x00000000fd570000,0x00000000fe980000)
  to   space 19968K, 0% used [0x00000000fea00000,0x00000000fea00000,0x00000000ffd80000)
 ParOldGen       total 100864K, used 28552K [0x00000000f0000000, 0x00000000f6280000, 0x00000000faa80000)
  object space 100864K, 28% used [0x00000000f0000000,0x00000000f1be2198,0x00000000f6280000)
 PSPermGen       total 30720K, used 15865K [0x00000000e5a00000, 0x00000000e7800000, 0x00000000f0000000)
  object space 30720K, 51% used [0x00000000e5a00000,0x00000000e697e7d8,0x00000000e7800000)
}

