# JRE version: OpenJDK Runtime Environment (7.0_75-b13) (build 1.7.0_75-b13)
# Java VM: OpenJDK 64-Bit Server VM (24.75-b04 mixed mode linux-amd64 compressed oops)
Heap
 PSYoungGen      total 314368K, used 36249K [0x00000000eaa80000, 0x0000000100000000, 0x0000000100000000)
  eden space 283136K, 12% used [0x00000000eaa80000,0x00000000ecde6730,0x00000000fbf00000)
  from space 31232K, 0% used [0x00000000fe180000,0x00000000fe180000,0x0000000100000000)
  to   space 33280K, 0% used [0x00000000fbf00000,0x00000000fbf00000,0x00000000fdf80000)
 ParOldGen       total 124928K, used 43471K [0x00000000c0000000, 0x00000000c7a00000, 0x00000000eaa80000)
  object space 124928K, 34% used [0x00000000c0000000,0x00000000c2a73c48,0x00000000c7a00000)
 PSPermGen       total 90624K, used 45240K [0x0000000080000000, 0x0000000085880000, 0x00000000c0000000)
  object space 90624K, 49% used [0x0000000080000000,0x0000000082c2e198,0x0000000085880000)
GC Heap History (10 events):
Event: 3.315 GC heap before
{Heap before GC invocations=5 (full 0):
 PSYoungGen      total 102912K, used 101412K [0x00000000eaa80000, 0x00000000f1680000, 0x0000000100000000)
  eden space 95232K, 100% used [0x00000000eaa80000,0x00000000f0780000,0x00000000f0780000)
  from space 7680K, 80% used [0x00000000f0f00000,0x00000000f1509100,0x00000000f1680000)
  to   space 7680K, 0% used [0x00000000f0780000,0x00000000f0780000,0x00000000f0f00000)
 ParOldGen       total 124928K, used 1711K [0x00000000c0000000, 0x00000000c7a00000, 0x00000000eaa80000)
  object space 124928K, 1% used [0x00000000c0000000,0x00000000c01abc18,0x00000000c7a00000)
 PSPermGen       total 24576K, used 24149K [0x0000000080000000, 0x0000000081800000, 0x00000000c0000000)
  object space 24576K, 98% used [0x0000000080000000,0x0000000081795540,0x0000000081800000)
Event: 3.330 GC heap after
Heap after GC invocations=5 (full 0):
 PSYoungGen      total 102912K, used 7652K [0x00000000eaa80000, 0x00000000f7d80000, 0x0000000100000000)
  eden space 95232K, 0% used [0x00000000eaa80000,0x00000000eaa80000,0x00000000f0780000)
  from space 7680K, 99% used [0x00000000f0780000,0x00000000f0ef90e0,0x00000000f0f00000)
  to   space 12800K, 0% used [0x00000000f7100000,0x00000000f7100000,0x00000000f7d80000)
 ParOldGen       total 124928K, used 6539K [0x00000000c0000000, 0x00000000c7a00000, 0x00000000eaa80000)
  object space 124928K, 5% used [0x00000000c0000000,0x00000000c0662e80,0x00000000c7a00000)
 PSPermGen       total 24576K, used 24149K [0x0000000080000000, 0x0000000081800000, 0x00000000c0000000)
  object space 24576K, 98% used [0x0000000080000000,0x0000000081795540,0x0000000081800000)
}
Event: 5.236 GC heap before
{Heap before GC invocations=6 (full 0):
 PSYoungGen      total 102912K, used 102884K [0x00000000eaa80000, 0x00000000f7d80000, 0x0000000100000000)
  eden space 95232K, 100% used [0x00000000eaa80000,0x00000000f0780000,0x00000000f0780000)
  from space 7680K, 99% used [0x00000000f0780000,0x00000000f0ef90e0,0x00000000f0f00000)
  to   space 12800K, 0% used [0x00000000f7100000,0x00000000f7100000,0x00000000f7d80000)
 ParOldGen       total 124928K, used 6539K [0x00000000c0000000, 0x00000000c7a00000, 0x00000000eaa80000)
  object space 124928K, 5% used [0x00000000c0000000,0x00000000c0662e80,0x00000000c7a00000)
 PSPermGen       total 31744K, used 31688K [0x0000000080000000, 0x0000000081f00000, 0x00000000c0000000)
  object space 31744K, 99% used [0x0000000080000000,0x0000000081ef2328,0x0000000081f00000)
Event: 5.260 GC heap after
Heap after GC invocations=6 (full 0):
 PSYoungGen      total 199168K, used 12780K [0x00000000eaa80000, 0x00000000f8580000, 0x0000000100000000)
  eden space 186368K, 0% used [0x00000000eaa80000,0x00000000eaa80000,0x00000000f6080000)
  from space 12800K, 99% used [0x00000000f7100000,0x00000000f7d7b198,0x00000000f7d80000)
  to   space 16896K, 0% used [0x00000000f6080000,0x00000000f6080000,0x00000000f7100000)
 ParOldGen       total 124928K, used 10918K [0x00000000c0000000, 0x00000000c7a00000, 0x00000000eaa80000)
  object space 124928K, 8% used [0x00000000c0000000,0x00000000c0aa9ad0,0x00000000c7a00000)
 PSPermGen       total 31744K, used 31688K [0x0000000080000000, 0x0000000081f00000, 0x00000000c0000000)
  object space 31744K, 99% used [0x0000000080000000,0x0000000081ef2328,0x0000000081f00000)
}
Event: 8.883 GC heap before
{Heap before GC invocations=7 (full 0):
 PSYoungGen      total 199168K, used 199148K [0x00000000eaa80000, 0x00000000f8580000, 0x0000000100000000)
  eden space 186368K, 100% used [0x00000000eaa80000,0x00000000f6080000,0x00000000f6080000)
  from space 12800K, 99% used [0x00000000f7100000,0x00000000f7d7b198,0x00000000f7d80000)
  to   space 16896K, 0% used [0x00000000f6080000,0x00000000f6080000,0x00000000f7100000)
 ParOldGen       total 124928K, used 10918K [0x00000000c0000000, 0x00000000c7a00000, 0x00000000eaa80000)
  object space 124928K, 8% used [0x00000000c0000000,0x00000000c0aa9ad0,0x00000000c7a00000)
 PSPermGen       total 42496K, used 42394K [0x0000000080000000, 0x0000000082980000, 0x00000000c0000000)
  object space 42496K, 99% used [0x0000000080000000,0x0000000082966890,0x0000000082980000)
Event: 8.939 GC heap after
Heap after GC invocations=7 (full 0):
 PSYoungGen      total 203264K, used 16869K [0x00000000eaa80000, 0x0000000100000000, 0x0000000100000000)
  eden space 186368K, 0% used [0x00000000eaa80000,0x00000000eaa80000,0x00000000f6080000)
  from space 16896K, 99% used [0x00000000f6080000,0x00000000f70f9768,0x00000000f7100000)
  to   space 31232K, 0% used [0x00000000fe180000,0x00000000fe180000,0x0000000100000000)
 ParOldGen       total 124928K, used 34237K [0x00000000c0000000, 0x00000000c7a00000, 0x00000000eaa80000)
  object space 124928K, 27% used [0x00000000c0000000,0x00000000c216f740,0x00000000c7a00000)
 PSPermGen       total 42496K, used 42394K [0x0000000080000000, 0x0000000082980000, 0x00000000c0000000)
  object space 42496K, 99% used [0x0000000080000000,0x0000000082966890,0x0000000082980000)
}
Event: 16.995 GC heap before
{Heap before GC invocations=8 (full 0):
 PSYoungGen      total 203264K, used 98875K [0x00000000eaa80000, 0x0000000100000000, 0x0000000100000000)
  eden space 186368K, 44% used [0x00000000eaa80000,0x00000000efa955a8,0x00000000f6080000)
  from space 16896K, 99% used [0x00000000f6080000,0x00000000f70f9768,0x00000000f7100000)
  to   space 31232K, 0% used [0x00000000fe180000,0x00000000fe180000,0x0000000100000000)
 ParOldGen       total 124928K, used 34237K [0x00000000c0000000, 0x00000000c7a00000, 0x00000000eaa80000)
  object space 124928K, 27% used [0x00000000c0000000,0x00000000c216f740,0x00000000c7a00000)
 PSPermGen       total 45568K, used 45251K [0x0000000080000000, 0x0000000082c80000, 0x00000000c0000000)
  object space 45568K, 99% used [0x0000000080000000,0x0000000082c30e50,0x0000000082c80000)
Event: 17.025 GC heap after
Heap after GC invocations=8 (full 0):
 PSYoungGen      total 314368K, used 23521K [0x00000000eaa80000, 0x0000000100000000, 0x0000000100000000)
  eden space 283136K, 0% used [0x00000000eaa80000,0x00000000eaa80000,0x00000000fbf00000)
  from space 31232K, 75% used [0x00000000fe180000,0x00000000ff8786d8,0x0000000100000000)
  to   space 33280K, 0% used [0x00000000fbf00000,0x00000000fbf00000,0x00000000fdf80000)
 ParOldGen       total 124928K, used 35205K [0x00000000c0000000, 0x00000000c7a00000, 0x00000000eaa80000)
  object space 124928K, 28% used [0x00000000c0000000,0x00000000c2261448,0x00000000c7a00000)
 PSPermGen       total 45568K, used 45251K [0x0000000080000000, 0x0000000082c80000, 0x00000000c0000000)
  object space 45568K, 99% used [0x0000000080000000,0x0000000082c30e50,0x0000000082c80000)
}
Event: 17.025 GC heap before
{Heap before GC invocations=9 (full 1):
 PSYoungGen      total 314368K, used 23521K [0x00000000eaa80000, 0x0000000100000000, 0x0000000100000000)
  eden space 283136K, 0% used [0x00000000eaa80000,0x00000000eaa80000,0x00000000fbf00000)
  from space 31232K, 75% used [0x00000000fe180000,0x00000000ff8786d8,0x0000000100000000)
  to   space 33280K, 0% used [0x00000000fbf00000,0x00000000fbf00000,0x00000000fdf80000)
 ParOldGen       total 124928K, used 35205K [0x00000000c0000000, 0x00000000c7a00000, 0x00000000eaa80000)
  object space 124928K, 28% used [0x00000000c0000000,0x00000000c2261448,0x00000000c7a00000)
 PSPermGen       total 45568K, used 45251K [0x0000000080000000, 0x0000000082c80000, 0x00000000c0000000)
  object space 45568K, 99% used [0x0000000080000000,0x0000000082c30e50,0x0000000082c80000)
Event: 17.285 GC heap after
Heap after GC invocations=9 (full 1):
 PSYoungGen      total 314368K, used 0K [0x00000000eaa80000, 0x0000000100000000, 0x0000000100000000)
  eden space 283136K, 0% used [0x00000000eaa80000,0x00000000eaa80000,0x00000000fbf00000)
  from space 31232K, 0% used [0x00000000fe180000,0x00000000fe180000,0x0000000100000000)
  to   space 33280K, 0% used [0x00000000fbf00000,0x00000000fbf00000,0x00000000fdf80000)
 ParOldGen       total 124928K, used 43471K [0x00000000c0000000, 0x00000000c7a00000, 0x00000000eaa80000)
  object space 124928K, 34% used [0x00000000c0000000,0x00000000c2a73c48,0x00000000c7a00000)
 PSPermGen       total 90624K, used 45193K [0x0000000080000000, 0x0000000085880000, 0x00000000c0000000)
  object space 90624K, 49% used [0x0000000080000000,0x0000000082c22490,0x0000000085880000)
}

