# JRE version: OpenJDK Runtime Environment (7.0_75-b13) (build 1.7.0_75-b13)
# Java VM: OpenJDK 64-Bit Server VM (24.75-b04 mixed mode linux-amd64 compressed oops)
Heap
 PSYoungGen      total 322560K, used 206594K [0x00000000eaa80000, 0x0000000100000000, 0x0000000100000000)
  eden space 295424K, 60% used [0x00000000eaa80000,0x00000000f59c5c90,0x00000000fcb00000)
  from space 27136K, 99% used [0x00000000fcb00000,0x00000000fe57acb0,0x00000000fe580000)
  to   space 27136K, 0% used [0x00000000fe580000,0x00000000fe580000,0x0000000100000000)
 ParOldGen       total 124928K, used 41266K [0x00000000c0000000, 0x00000000c7a00000, 0x00000000eaa80000)
  object space 124928K, 33% used [0x00000000c0000000,0x00000000c284c900,0x00000000c7a00000)
 PSPermGen       total 82432K, used 57791K [0x00000000b0000000, 0x00000000b5080000, 0x00000000c0000000)
  object space 82432K, 70% used [0x00000000b0000000,0x00000000b386fc80,0x00000000b5080000)
GC Heap History (10 events):
Event: 2.636 GC heap before
{Heap before GC invocations=4 (full 0):
 PSYoungGen      total 102912K, used 102886K [0x00000000eaa80000, 0x00000000f7380000, 0x0000000100000000)
  eden space 95232K, 100% used [0x00000000eaa80000,0x00000000f0780000,0x00000000f0780000)
  from space 7680K, 99% used [0x00000000f0780000,0x00000000f0ef9a48,0x00000000f0f00000)
  to   space 7680K, 0% used [0x00000000f6c00000,0x00000000f6c00000,0x00000000f7380000)
 ParOldGen       total 124928K, used 1905K [0x00000000c0000000, 0x00000000c7a00000, 0x00000000eaa80000)
  object space 124928K, 1% used [0x00000000c0000000,0x00000000c01dc5e0,0x00000000c7a00000)
 PSPermGen       total 24576K, used 24114K [0x00000000b0000000, 0x00000000b1800000, 0x00000000c0000000)
  object space 24576K, 98% used [0x00000000b0000000,0x00000000b178ca70,0x00000000b1800000)
Event: 2.653 GC heap after
Heap after GC invocations=4 (full 0):
 PSYoungGen      total 198144K, used 7652K [0x00000000eaa80000, 0x00000000f7380000, 0x0000000100000000)
  eden space 190464K, 0% used [0x00000000eaa80000,0x00000000eaa80000,0x00000000f6480000)
  from space 7680K, 99% used [0x00000000f6c00000,0x00000000f7379300,0x00000000f7380000)
  to   space 7680K, 0% used [0x00000000f6480000,0x00000000f6480000,0x00000000f6c00000)
 ParOldGen       total 124928K, used 6671K [0x00000000c0000000, 0x00000000c7a00000, 0x00000000eaa80000)
  object space 124928K, 5% used [0x00000000c0000000,0x00000000c0683f90,0x00000000c7a00000)
 PSPermGen       total 24576K, used 24114K [0x00000000b0000000, 0x00000000b1800000, 0x00000000c0000000)
  object space 24576K, 98% used [0x00000000b0000000,0x00000000b178ca70,0x00000000b1800000)
}
Event: 5.576 GC heap before
{Heap before GC invocations=5 (full 0):
 PSYoungGen      total 198144K, used 198116K [0x00000000eaa80000, 0x00000000f7380000, 0x0000000100000000)
  eden space 190464K, 100% used [0x00000000eaa80000,0x00000000f6480000,0x00000000f6480000)
  from space 7680K, 99% used [0x00000000f6c00000,0x00000000f7379300,0x00000000f7380000)
  to   space 7680K, 0% used [0x00000000f6480000,0x00000000f6480000,0x00000000f6c00000)
 ParOldGen       total 124928K, used 6671K [0x00000000c0000000, 0x00000000c7a00000, 0x00000000eaa80000)
  object space 124928K, 5% used [0x00000000c0000000,0x00000000c0683f90,0x00000000c7a00000)
 PSPermGen       total 35328K, used 34948K [0x00000000b0000000, 0x00000000b2280000, 0x00000000c0000000)
  object space 35328K, 98% used [0x00000000b0000000,0x00000000b2221248,0x00000000b2280000)
Event: 5.652 GC heap after
Heap after GC invocations=5 (full 0):
 PSYoungGen      total 198144K, used 7664K [0x00000000eaa80000, 0x0000000100000000, 0x0000000100000000)
  eden space 190464K, 0% used [0x00000000eaa80000,0x00000000eaa80000,0x00000000f6480000)
  from space 7680K, 99% used [0x00000000f6480000,0x00000000f6bfc010,0x00000000f6c00000)
  to   space 26112K, 0% used [0x00000000fe680000,0x00000000fe680000,0x0000000100000000)
 ParOldGen       total 124928K, used 28277K [0x00000000c0000000, 0x00000000c7a00000, 0x00000000eaa80000)
  object space 124928K, 22% used [0x00000000c0000000,0x00000000c1b9d428,0x00000000c7a00000)
 PSPermGen       total 35328K, used 34948K [0x00000000b0000000, 0x00000000b2280000, 0x00000000c0000000)
  object space 35328K, 98% used [0x00000000b0000000,0x00000000b2221248,0x00000000b2280000)
}
Event: 13.353 GC heap before
{Heap before GC invocations=6 (full 0):
 PSYoungGen      total 198144K, used 119717K [0x00000000eaa80000, 0x0000000100000000, 0x0000000100000000)
  eden space 190464K, 58% used [0x00000000eaa80000,0x00000000f17ed7e8,0x00000000f6480000)
  from space 7680K, 99% used [0x00000000f6480000,0x00000000f6bfc010,0x00000000f6c00000)
  to   space 26112K, 0% used [0x00000000fe680000,0x00000000fe680000,0x0000000100000000)
 ParOldGen       total 124928K, used 28277K [0x00000000c0000000, 0x00000000c7a00000, 0x00000000eaa80000)
  object space 124928K, 22% used [0x00000000c0000000,0x00000000c1b9d428,0x00000000c7a00000)
 PSPermGen       total 41472K, used 41024K [0x00000000b0000000, 0x00000000b2880000, 0x00000000c0000000)
  object space 41472K, 98% used [0x00000000b0000000,0x00000000b2810078,0x00000000b2880000)
Event: 13.387 GC heap after
Heap after GC invocations=6 (full 0):
 PSYoungGen      total 321536K, used 18867K [0x00000000eaa80000, 0x0000000100000000, 0x0000000100000000)
  eden space 295424K, 0% used [0x00000000eaa80000,0x00000000eaa80000,0x00000000fcb00000)
  from space 26112K, 72% used [0x00000000fe680000,0x00000000ff8eccf0,0x0000000100000000)
  to   space 27136K, 0% used [0x00000000fcb00000,0x00000000fcb00000,0x00000000fe580000)
 ParOldGen       total 124928K, used 28277K [0x00000000c0000000, 0x00000000c7a00000, 0x00000000eaa80000)
  object space 124928K, 22% used [0x00000000c0000000,0x00000000c1b9d428,0x00000000c7a00000)
 PSPermGen       total 41472K, used 41024K [0x00000000b0000000, 0x00000000b2880000, 0x00000000c0000000)
  object space 41472K, 98% used [0x00000000b0000000,0x00000000b2810078,0x00000000b2880000)
}
Event: 13.387 GC heap before
{Heap before GC invocations=7 (full 1):
 PSYoungGen      total 321536K, used 18867K [0x00000000eaa80000, 0x0000000100000000, 0x0000000100000000)
  eden space 295424K, 0% used [0x00000000eaa80000,0x00000000eaa80000,0x00000000fcb00000)
  from space 26112K, 72% used [0x00000000fe680000,0x00000000ff8eccf0,0x0000000100000000)
  to   space 27136K, 0% used [0x00000000fcb00000,0x00000000fcb00000,0x00000000fe580000)
 ParOldGen       total 124928K, used 28277K [0x00000000c0000000, 0x00000000c7a00000, 0x00000000eaa80000)
  object space 124928K, 22% used [0x00000000c0000000,0x00000000c1b9d428,0x00000000c7a00000)
 PSPermGen       total 41472K, used 41024K [0x00000000b0000000, 0x00000000b2880000, 0x00000000c0000000)
  object space 41472K, 98% used [0x00000000b0000000,0x00000000b2810078,0x00000000b2880000)
Event: 13.626 GC heap after
Heap after GC invocations=7 (full 1):
 PSYoungGen      total 321536K, used 0K [0x00000000eaa80000, 0x0000000100000000, 0x0000000100000000)
  eden space 295424K, 0% used [0x00000000eaa80000,0x00000000eaa80000,0x00000000fcb00000)
  from space 26112K, 0% used [0x00000000fe680000,0x00000000fe680000,0x0000000100000000)
  to   space 27136K, 0% used [0x00000000fcb00000,0x00000000fcb00000,0x00000000fe580000)
 ParOldGen       total 124928K, used 39476K [0x00000000c0000000, 0x00000000c7a00000, 0x00000000eaa80000)
  object space 124928K, 31% used [0x00000000c0000000,0x00000000c268d288,0x00000000c7a00000)
 PSPermGen       total 82432K, used 40968K [0x00000000b0000000, 0x00000000b5080000, 0x00000000c0000000)
  object space 82432K, 49% used [0x00000000b0000000,0x00000000b2802318,0x00000000b5080000)
}
Event: 125.090 GC heap before
{Heap before GC invocations=8 (full 1):
 PSYoungGen      total 321536K, used 295424K [0x00000000eaa80000, 0x0000000100000000, 0x0000000100000000)
  eden space 295424K, 100% used [0x00000000eaa80000,0x00000000fcb00000,0x00000000fcb00000)
  from space 26112K, 0% used [0x00000000fe680000,0x00000000fe680000,0x0000000100000000)
  to   space 27136K, 0% used [0x00000000fcb00000,0x00000000fcb00000,0x00000000fe580000)
 ParOldGen       total 124928K, used 39476K [0x00000000c0000000, 0x00000000c7a00000, 0x00000000eaa80000)
  object space 124928K, 31% used [0x00000000c0000000,0x00000000c268d288,0x00000000c7a00000)
 PSPermGen       total 82432K, used 52038K [0x00000000b0000000, 0x00000000b5080000, 0x00000000c0000000)
  object space 82432K, 63% used [0x00000000b0000000,0x00000000b32d1b08,0x00000000b5080000)
Event: 125.126 GC heap after
Heap after GC invocations=8 (full 1):
 PSYoungGen      total 322560K, used 27115K [0x00000000eaa80000, 0x0000000100000000, 0x0000000100000000)
  eden space 295424K, 0% used [0x00000000eaa80000,0x00000000eaa80000,0x00000000fcb00000)
  from space 27136K, 99% used [0x00000000fcb00000,0x00000000fe57acb0,0x00000000fe580000)
  to   space 27136K, 0% used [0x00000000fe580000,0x00000000fe580000,0x0000000100000000)
 ParOldGen       total 124928K, used 41266K [0x00000000c0000000, 0x00000000c7a00000, 0x00000000eaa80000)
  object space 124928K, 33% used [0x00000000c0000000,0x00000000c284c900,0x00000000c7a00000)
 PSPermGen       total 82432K, used 52038K [0x00000000b0000000, 0x00000000b5080000, 0x00000000c0000000)
  object space 82432K, 63% used [0x00000000b0000000,0x00000000b32d1b08,0x00000000b5080000)
}

