# JRE version: OpenJDK Runtime Environment (7.0_75-b13) (build 1.7.0_75-b13)
# Java VM: OpenJDK 64-Bit Server VM (24.75-b04 mixed mode linux-amd64 compressed oops)
Heap
 PSYoungGen      total 61440K, used 61428K [0x00000000faa80000, 0x0000000100000000, 0x0000000100000000)
  eden space 53760K, 100% used [0x00000000faa80000,0x00000000fdf00000,0x00000000fdf00000)
  from space 7680K, 99% used [0x00000000ff880000,0x00000000ffffd030,0x0000000100000000)
  to   space 16896K, 70% used [0x00000000fdf00000,0x00000000feab2040,0x00000000fef80000)
 ParOldGen       total 124928K, used 18584K [0x00000000f0000000, 0x00000000f7a00000, 0x00000000faa80000)
  object space 124928K, 14% used [0x00000000f0000000,0x00000000f1226268,0x00000000f7a00000)
 PSPermGen       total 33792K, used 33698K [0x00000000e0000000, 0x00000000e2100000, 0x00000000f0000000)
  object space 33792K, 99% used [0x00000000e0000000,0x00000000e20e8948,0x00000000e2100000)
GC Heap History (10 events):
Event: 1.332 GC heap after
Heap after GC invocations=2 (full 0):
 PSYoungGen      total 79872K, used 7667K [0x00000000faa80000, 0x0000000100000000, 0x0000000100000000)
  eden space 72192K, 0% used [0x00000000faa80000,0x00000000faa80000,0x00000000ff100000)
  from space 7680K, 99% used [0x00000000ff880000,0x00000000ffffccc8,0x0000000100000000)
  to   space 7680K, 0% used [0x00000000ff100000,0x00000000ff100000,0x00000000ff880000)
 ParOldGen       total 124928K, used 1497K [0x00000000f0000000, 0x00000000f7a00000, 0x00000000faa80000)
  object space 124928K, 1% used [0x00000000f0000000,0x00000000f0176588,0x00000000f7a00000)
 PSPermGen       total 21504K, used 17937K [0x00000000e0000000, 0x00000000e1500000, 0x00000000f0000000)
  object space 21504K, 83% used [0x00000000e0000000,0x00000000e1184648,0x00000000e1500000)
}
Event: 1.863 GC heap before
{Heap before GC invocations=3 (full 0):
 PSYoungGen      total 79872K, used 79859K [0x00000000faa80000, 0x0000000100000000, 0x0000000100000000)
  eden space 72192K, 100% used [0x00000000faa80000,0x00000000ff100000,0x00000000ff100000)
  from space 7680K, 99% used [0x00000000ff880000,0x00000000ffffccc8,0x0000000100000000)
  to   space 7680K, 0% used [0x00000000ff100000,0x00000000ff100000,0x00000000ff880000)
 ParOldGen       total 124928K, used 1497K [0x00000000f0000000, 0x00000000f7a00000, 0x00000000faa80000)
  object space 124928K, 1% used [0x00000000f0000000,0x00000000f0176588,0x00000000f7a00000)
 PSPermGen       total 21504K, used 20802K [0x00000000e0000000, 0x00000000e1500000, 0x00000000f0000000)
  object space 21504K, 96% used [0x00000000e0000000,0x00000000e1450a78,0x00000000e1500000)
Event: 1.873 GC heap after
Heap after GC invocations=3 (full 0):
 PSYoungGen      total 79872K, used 7660K [0x00000000faa80000, 0x0000000100000000, 0x0000000100000000)
  eden space 72192K, 0% used [0x00000000faa80000,0x00000000faa80000,0x00000000ff100000)
  from space 7680K, 99% used [0x00000000ff100000,0x00000000ff87b038,0x00000000ff880000)
  to   space 7680K, 0% used [0x00000000ff880000,0x00000000ff880000,0x0000000100000000)
 ParOldGen       total 124928K, used 1740K [0x00000000f0000000, 0x00000000f7a00000, 0x00000000faa80000)
  object space 124928K, 1% used [0x00000000f0000000,0x00000000f01b3168,0x00000000f7a00000)
 PSPermGen       total 21504K, used 20802K [0x00000000e0000000, 0x00000000e1500000, 0x00000000f0000000)
  object space 21504K, 96% used [0x00000000e0000000,0x00000000e1450a78,0x00000000e1500000)
}
Event: 2.047 GC heap before
{Heap before GC invocations=4 (full 0):
 PSYoungGen      total 79872K, used 79852K [0x00000000faa80000, 0x0000000100000000, 0x0000000100000000)
  eden space 72192K, 100% used [0x00000000faa80000,0x00000000ff100000,0x00000000ff100000)
  from space 7680K, 99% used [0x00000000ff100000,0x00000000ff87b038,0x00000000ff880000)
  to   space 7680K, 0% used [0x00000000ff880000,0x00000000ff880000,0x0000000100000000)
 ParOldGen       total 124928K, used 1740K [0x00000000f0000000, 0x00000000f7a00000, 0x00000000faa80000)
  object space 124928K, 1% used [0x00000000f0000000,0x00000000f01b3168,0x00000000f7a00000)
 PSPermGen       total 21504K, used 20809K [0x00000000e0000000, 0x00000000e1500000, 0x00000000f0000000)
  object space 21504K, 96% used [0x00000000e0000000,0x00000000e14526e0,0x00000000e1500000)
Event: 2.056 GC heap after
Heap after GC invocations=4 (full 0):
 PSYoungGen      total 79872K, used 6340K [0x00000000faa80000, 0x0000000100000000, 0x0000000100000000)
  eden space 72192K, 0% used [0x00000000faa80000,0x00000000faa80000,0x00000000ff100000)
  from space 7680K, 82% used [0x00000000ff880000,0x00000000ffeb1320,0x0000000100000000)
  to   space 7680K, 0% used [0x00000000ff100000,0x00000000ff100000,0x00000000ff880000)
 ParOldGen       total 124928K, used 1748K [0x00000000f0000000, 0x00000000f7a00000, 0x00000000faa80000)
  object space 124928K, 1% used [0x00000000f0000000,0x00000000f01b5168,0x00000000f7a00000)
 PSPermGen       total 21504K, used 20809K [0x00000000e0000000, 0x00000000e1500000, 0x00000000f0000000)
  object space 21504K, 96% used [0x00000000e0000000,0x00000000e14526e0,0x00000000e1500000)
}
Event: 2.864 GC heap before
{Heap before GC invocations=5 (full 0):
 PSYoungGen      total 79872K, used 78532K [0x00000000faa80000, 0x0000000100000000, 0x0000000100000000)
  eden space 72192K, 100% used [0x00000000faa80000,0x00000000ff100000,0x00000000ff100000)
  from space 7680K, 82% used [0x00000000ff880000,0x00000000ffeb1320,0x0000000100000000)
  to   space 7680K, 0% used [0x00000000ff100000,0x00000000ff100000,0x00000000ff880000)
 ParOldGen       total 124928K, used 1748K [0x00000000f0000000, 0x00000000f7a00000, 0x00000000faa80000)
  object space 124928K, 1% used [0x00000000f0000000,0x00000000f01b5168,0x00000000f7a00000)
 PSPermGen       total 27648K, used 27341K [0x00000000e0000000, 0x00000000e1b00000, 0x00000000f0000000)
  object space 27648K, 98% used [0x00000000e0000000,0x00000000e1ab35e8,0x00000000e1b00000)
Event: 2.881 GC heap after
Heap after GC invocations=5 (full 0):
 PSYoungGen      total 79872K, used 7676K [0x00000000faa80000, 0x0000000100000000, 0x0000000100000000)
  eden space 72192K, 0% used [0x00000000faa80000,0x00000000faa80000,0x00000000ff100000)
  from space 7680K, 99% used [0x00000000ff100000,0x00000000ff87f0f0,0x00000000ff880000)
  to   space 7680K, 0% used [0x00000000ff880000,0x00000000ff880000,0x0000000100000000)
 ParOldGen       total 124928K, used 9116K [0x00000000f0000000, 0x00000000f7a00000, 0x00000000faa80000)
  object space 124928K, 7% used [0x00000000f0000000,0x00000000f08e73a8,0x00000000f7a00000)
 PSPermGen       total 27648K, used 27341K [0x00000000e0000000, 0x00000000e1b00000, 0x00000000f0000000)
  object space 27648K, 98% used [0x00000000e0000000,0x00000000e1ab35e8,0x00000000e1b00000)
}
Event: 3.975 GC heap before
{Heap before GC invocations=6 (full 0):
 PSYoungGen      total 79872K, used 79868K [0x00000000faa80000, 0x0000000100000000, 0x0000000100000000)
  eden space 72192K, 100% used [0x00000000faa80000,0x00000000ff100000,0x00000000ff100000)
  from space 7680K, 99% used [0x00000000ff100000,0x00000000ff87f0f0,0x00000000ff880000)
  to   space 7680K, 0% used [0x00000000ff880000,0x00000000ff880000,0x0000000100000000)
 ParOldGen       total 124928K, used 9116K [0x00000000f0000000, 0x00000000f7a00000, 0x00000000faa80000)
  object space 124928K, 7% used [0x00000000f0000000,0x00000000f08e73a8,0x00000000f7a00000)
 PSPermGen       total 31744K, used 31721K [0x00000000e0000000, 0x00000000e1f00000, 0x00000000f0000000)
  object space 31744K, 99% used [0x00000000e0000000,0x00000000e1efa738,0x00000000e1f00000)
Event: 3.991 GC heap after
Heap after GC invocations=6 (full 0):
 PSYoungGen      total 61440K, used 7668K [0x00000000faa80000, 0x0000000100000000, 0x0000000100000000)
  eden space 53760K, 0% used [0x00000000faa80000,0x00000000faa80000,0x00000000fdf00000)
  from space 7680K, 99% used [0x00000000ff880000,0x00000000ffffd030,0x0000000100000000)
  to   space 16896K, 0% used [0x00000000fdf00000,0x00000000fdf00000,0x00000000fef80000)
 ParOldGen       total 124928K, used 16463K [0x00000000f0000000, 0x00000000f7a00000, 0x00000000faa80000)
  object space 124928K, 13% used [0x00000000f0000000,0x00000000f1013c38,0x00000000f7a00000)
 PSPermGen       total 31744K, used 31721K [0x00000000e0000000, 0x00000000e1f00000, 0x00000000f0000000)
  object space 31744K, 99% used [0x00000000e0000000,0x00000000e1efa738,0x00000000e1f00000)
}
Event: 4.814 GC heap before
{Heap before GC invocations=7 (full 0):
 PSYoungGen      total 61440K, used 61428K [0x00000000faa80000, 0x0000000100000000, 0x0000000100000000)
  eden space 53760K, 100% used [0x00000000faa80000,0x00000000fdf00000,0x00000000fdf00000)
  from space 7680K, 99% used [0x00000000ff880000,0x00000000ffffd030,0x0000000100000000)
  to   space 16896K, 0% used [0x00000000fdf00000,0x00000000fdf00000,0x00000000fef80000)
 ParOldGen       total 124928K, used 16463K [0x00000000f0000000, 0x00000000f7a00000, 0x00000000faa80000)
  object space 124928K, 13% used [0x00000000f0000000,0x00000000f1013c38,0x00000000f7a00000)
 PSPermGen       total 33792K, used 33698K [0x00000000e0000000, 0x00000000e2100000, 0x00000000f0000000)
  object space 33792K, 99% used [0x00000000e0000000,0x00000000e20e8948,0x00000000e2100000)

