# JRE version: OpenJDK Runtime Environment (7.0_75-b13) (build 1.7.0_75-b13)
# Java VM: OpenJDK 64-Bit Server VM (24.75-b04 mixed mode linux-amd64 compressed oops)
Heap
 PSYoungGen      total 321024K, used 247997K [0x00000000eaa80000, 0x0000000100000000, 0x0000000100000000)
  eden space 295424K, 83% used [0x00000000eaa80000,0x00000000f9caf7d8,0x00000000fcb00000)
  from space 25600K, 0% used [0x00000000fe700000,0x00000000fe700000,0x0000000100000000)
  to   space 27136K, 0% used [0x00000000fcb00000,0x00000000fcb00000,0x00000000fe580000)
 ParOldGen       total 124928K, used 41749K [0x00000000c0000000, 0x00000000c7a00000, 0x00000000eaa80000)
  object space 124928K, 33% used [0x00000000c0000000,0x00000000c28c54e0,0x00000000c7a00000)
 PSPermGen       total 82432K, used 51345K [0x0000000080000000, 0x0000000085080000, 0x00000000c0000000)
  object space 82432K, 62% used [0x0000000080000000,0x0000000083224718,0x0000000085080000)
GC Heap History (10 events):
Event: 1.902 GC heap before
{Heap before GC invocations=3 (full 0):
 PSYoungGen      total 102912K, used 102910K [0x00000000eaa80000, 0x00000000f1680000, 0x0000000100000000)
  eden space 95232K, 100% used [0x00000000eaa80000,0x00000000f0780000,0x00000000f0780000)
  from space 7680K, 99% used [0x00000000f0f00000,0x00000000f167fa78,0x00000000f1680000)
  to   space 7680K, 0% used [0x00000000f0780000,0x00000000f0780000,0x00000000f0f00000)
 ParOldGen       total 124928K, used 1463K [0x00000000c0000000, 0x00000000c7a00000, 0x00000000eaa80000)
  object space 124928K, 1% used [0x00000000c0000000,0x00000000c016dda0,0x00000000c7a00000)
 PSPermGen       total 21504K, used 20805K [0x0000000080000000, 0x0000000081500000, 0x00000000c0000000)
  object space 21504K, 96% used [0x0000000080000000,0x00000000814516d8,0x0000000081500000)
Event: 1.912 GC heap after
Heap after GC invocations=3 (full 0):
 PSYoungGen      total 102912K, used 7658K [0x00000000eaa80000, 0x00000000f7380000, 0x0000000100000000)
  eden space 95232K, 0% used [0x00000000eaa80000,0x00000000eaa80000,0x00000000f0780000)
  from space 7680K, 99% used [0x00000000f0780000,0x00000000f0efa828,0x00000000f0f00000)
  to   space 7680K, 0% used [0x00000000f6c00000,0x00000000f6c00000,0x00000000f7380000)
 ParOldGen       total 124928K, used 1816K [0x00000000c0000000, 0x00000000c7a00000, 0x00000000eaa80000)
  object space 124928K, 1% used [0x00000000c0000000,0x00000000c01c6180,0x00000000c7a00000)
 PSPermGen       total 21504K, used 20805K [0x0000000080000000, 0x0000000081500000, 0x00000000c0000000)
  object space 21504K, 96% used [0x0000000080000000,0x00000000814516d8,0x0000000081500000)
}
Event: 2.502 GC heap before
{Heap before GC invocations=4 (full 0):
 PSYoungGen      total 102912K, used 102890K [0x00000000eaa80000, 0x00000000f7380000, 0x0000000100000000)
  eden space 95232K, 100% used [0x00000000eaa80000,0x00000000f0780000,0x00000000f0780000)
  from space 7680K, 99% used [0x00000000f0780000,0x00000000f0efa828,0x00000000f0f00000)
  to   space 7680K, 0% used [0x00000000f6c00000,0x00000000f6c00000,0x00000000f7380000)
 ParOldGen       total 124928K, used 1816K [0x00000000c0000000, 0x00000000c7a00000, 0x00000000eaa80000)
  object space 124928K, 1% used [0x00000000c0000000,0x00000000c01c6180,0x00000000c7a00000)
 PSPermGen       total 24576K, used 24124K [0x0000000080000000, 0x0000000081800000, 0x00000000c0000000)
  object space 24576K, 98% used [0x0000000080000000,0x000000008178f2d8,0x0000000081800000)
Event: 2.516 GC heap after
Heap after GC invocations=4 (full 0):
 PSYoungGen      total 198144K, used 7652K [0x00000000eaa80000, 0x00000000f7380000, 0x0000000100000000)
  eden space 190464K, 0% used [0x00000000eaa80000,0x00000000eaa80000,0x00000000f6480000)
  from space 7680K, 99% used [0x00000000f6c00000,0x00000000f7379120,0x00000000f7380000)
  to   space 7680K, 0% used [0x00000000f6480000,0x00000000f6480000,0x00000000f6c00000)
 ParOldGen       total 124928K, used 6530K [0x00000000c0000000, 0x00000000c7a00000, 0x00000000eaa80000)
  object space 124928K, 5% used [0x00000000c0000000,0x00000000c0660938,0x00000000c7a00000)
 PSPermGen       total 24576K, used 24124K [0x0000000080000000, 0x0000000081800000, 0x00000000c0000000)
  object space 24576K, 98% used [0x0000000080000000,0x000000008178f2d8,0x0000000081800000)
}
Event: 5.250 GC heap before
{Heap before GC invocations=5 (full 0):
 PSYoungGen      total 198144K, used 198116K [0x00000000eaa80000, 0x00000000f7380000, 0x0000000100000000)
  eden space 190464K, 100% used [0x00000000eaa80000,0x00000000f6480000,0x00000000f6480000)
  from space 7680K, 99% used [0x00000000f6c00000,0x00000000f7379120,0x00000000f7380000)
  to   space 7680K, 0% used [0x00000000f6480000,0x00000000f6480000,0x00000000f6c00000)
 ParOldGen       total 124928K, used 6530K [0x00000000c0000000, 0x00000000c7a00000, 0x00000000eaa80000)
  object space 124928K, 5% used [0x00000000c0000000,0x00000000c0660938,0x00000000c7a00000)
 PSPermGen       total 35328K, used 34899K [0x0000000080000000, 0x0000000082280000, 0x00000000c0000000)
  object space 35328K, 98% used [0x0000000080000000,0x0000000082214df0,0x0000000082280000)
Event: 5.292 GC heap after
Heap after GC invocations=5 (full 0):
 PSYoungGen      total 198144K, used 7652K [0x00000000eaa80000, 0x0000000100000000, 0x0000000100000000)
  eden space 190464K, 0% used [0x00000000eaa80000,0x00000000eaa80000,0x00000000f6480000)
  from space 7680K, 99% used [0x00000000f6480000,0x00000000f6bf9020,0x00000000f6c00000)
  to   space 25600K, 0% used [0x00000000fe700000,0x00000000fe700000,0x0000000100000000)
 ParOldGen       total 124928K, used 27996K [0x00000000c0000000, 0x00000000c7a00000, 0x00000000eaa80000)
  object space 124928K, 22% used [0x00000000c0000000,0x00000000c1b57078,0x00000000c7a00000)
 PSPermGen       total 35328K, used 34899K [0x0000000080000000, 0x0000000082280000, 0x00000000c0000000)
  object space 35328K, 98% used [0x0000000080000000,0x0000000082214df0,0x0000000082280000)
}
Event: 12.849 GC heap before
{Heap before GC invocations=6 (full 0):
 PSYoungGen      total 198144K, used 120956K [0x00000000eaa80000, 0x0000000100000000, 0x0000000100000000)
  eden space 190464K, 59% used [0x00000000eaa80000,0x00000000f1926058,0x00000000f6480000)
  from space 7680K, 99% used [0x00000000f6480000,0x00000000f6bf9020,0x00000000f6c00000)
  to   space 25600K, 0% used [0x00000000fe700000,0x00000000fe700000,0x0000000100000000)
 ParOldGen       total 124928K, used 27996K [0x00000000c0000000, 0x00000000c7a00000, 0x00000000eaa80000)
  object space 124928K, 22% used [0x00000000c0000000,0x00000000c1b57078,0x00000000c7a00000)
 PSPermGen       total 41472K, used 41028K [0x0000000080000000, 0x0000000082880000, 0x00000000c0000000)
  object space 41472K, 98% used [0x0000000080000000,0x00000000828110e0,0x0000000082880000)
Event: 12.882 GC heap after
Heap after GC invocations=6 (full 0):
 PSYoungGen      total 321024K, used 19007K [0x00000000eaa80000, 0x0000000100000000, 0x0000000100000000)
  eden space 295424K, 0% used [0x00000000eaa80000,0x00000000eaa80000,0x00000000fcb00000)
  from space 25600K, 74% used [0x00000000fe700000,0x00000000ff98fc70,0x0000000100000000)
  to   space 27136K, 0% used [0x00000000fcb00000,0x00000000fcb00000,0x00000000fe580000)
 ParOldGen       total 124928K, used 27996K [0x00000000c0000000, 0x00000000c7a00000, 0x00000000eaa80000)
  object space 124928K, 22% used [0x00000000c0000000,0x00000000c1b57078,0x00000000c7a00000)
 PSPermGen       total 41472K, used 41028K [0x0000000080000000, 0x0000000082880000, 0x00000000c0000000)
  object space 41472K, 98% used [0x0000000080000000,0x00000000828110e0,0x0000000082880000)
}
Event: 12.882 GC heap before
{Heap before GC invocations=7 (full 1):
 PSYoungGen      total 321024K, used 19007K [0x00000000eaa80000, 0x0000000100000000, 0x0000000100000000)
  eden space 295424K, 0% used [0x00000000eaa80000,0x00000000eaa80000,0x00000000fcb00000)
  from space 25600K, 74% used [0x00000000fe700000,0x00000000ff98fc70,0x0000000100000000)
  to   space 27136K, 0% used [0x00000000fcb00000,0x00000000fcb00000,0x00000000fe580000)
 ParOldGen       total 124928K, used 27996K [0x00000000c0000000, 0x00000000c7a00000, 0x00000000eaa80000)
  object space 124928K, 22% used [0x00000000c0000000,0x00000000c1b57078,0x00000000c7a00000)
 PSPermGen       total 41472K, used 41028K [0x0000000080000000, 0x0000000082880000, 0x00000000c0000000)
  object space 41472K, 98% used [0x0000000080000000,0x00000000828110e0,0x0000000082880000)
Event: 13.132 GC heap after
Heap after GC invocations=7 (full 1):
 PSYoungGen      total 321024K, used 0K [0x00000000eaa80000, 0x0000000100000000, 0x0000000100000000)
  eden space 295424K, 0% used [0x00000000eaa80000,0x00000000eaa80000,0x00000000fcb00000)
  from space 25600K, 0% used [0x00000000fe700000,0x00000000fe700000,0x0000000100000000)
  to   space 27136K, 0% used [0x00000000fcb00000,0x00000000fcb00000,0x00000000fe580000)
 ParOldGen       total 124928K, used 41749K [0x00000000c0000000, 0x00000000c7a00000, 0x00000000eaa80000)
  object space 124928K, 33% used [0x00000000c0000000,0x00000000c28c54e0,0x00000000c7a00000)
 PSPermGen       total 82432K, used 40973K [0x0000000080000000, 0x0000000085080000, 0x00000000c0000000)
  object space 82432K, 49% used [0x0000000080000000,0x0000000082803540,0x0000000085080000)
}

