# JRE version: OpenJDK Runtime Environment (7.0_75-b13) (build 1.7.0_75-b13)
# Java VM: OpenJDK 64-Bit Server VM (24.75-b04 mixed mode linux-amd64 compressed oops)
Heap
 PSYoungGen      total 203264K, used 24076K [0x00000000eaa80000, 0x0000000100000000, 0x0000000100000000)
  eden space 186368K, 3% used [0x00000000eaa80000,0x00000000eb184a00,0x00000000f6080000)
  from space 16896K, 99% used [0x00000000f6080000,0x00000000f70fe990,0x00000000f7100000)
  to   space 31232K, 0% used [0x00000000fe180000,0x00000000fe180000,0x0000000100000000)
 ParOldGen       total 124928K, used 33872K [0x00000000c0000000, 0x00000000c7a00000, 0x00000000eaa80000)
  object space 124928K, 27% used [0x00000000c0000000,0x00000000c2114368,0x00000000c7a00000)
 PSPermGen       total 42496K, used 42458K [0x00000000b0000000, 0x00000000b2980000, 0x00000000c0000000)
  object space 42496K, 99% used [0x00000000b0000000,0x00000000b2976938,0x00000000b2980000)
GC Heap History (10 events):
Event: 1.883 GC heap before
{Heap before GC invocations=3 (full 0):
 PSYoungGen      total 55296K, used 55269K [0x00000000eaa80000, 0x00000000f1680000, 0x0000000100000000)
  eden space 47616K, 100% used [0x00000000eaa80000,0x00000000ed900000,0x00000000ed900000)
  from space 7680K, 99% used [0x00000000ee080000,0x00000000ee7f9658,0x00000000ee800000)
  to   space 7680K, 0% used [0x00000000ed900000,0x00000000ed900000,0x00000000ee080000)
 ParOldGen       total 124928K, used 1482K [0x00000000c0000000, 0x00000000c7a00000, 0x00000000eaa80000)
  object space 124928K, 1% used [0x00000000c0000000,0x00000000c0172bd8,0x00000000c7a00000)
 PSPermGen       total 21504K, used 20798K [0x00000000b0000000, 0x00000000b1500000, 0x00000000c0000000)
  object space 21504K, 96% used [0x00000000b0000000,0x00000000b144fae0,0x00000000b1500000)
Event: 1.891 GC heap after
Heap after GC invocations=3 (full 0):
 PSYoungGen      total 55296K, used 7667K [0x00000000eaa80000, 0x00000000f1680000, 0x0000000100000000)
  eden space 47616K, 0% used [0x00000000eaa80000,0x00000000eaa80000,0x00000000ed900000)
  from space 7680K, 99% used [0x00000000ed900000,0x00000000ee07cf20,0x00000000ee080000)
  to   space 7680K, 0% used [0x00000000f0f00000,0x00000000f0f00000,0x00000000f1680000)
 ParOldGen       total 124928K, used 1595K [0x00000000c0000000, 0x00000000c7a00000, 0x00000000eaa80000)
  object space 124928K, 1% used [0x00000000c0000000,0x00000000c018ecc8,0x00000000c7a00000)
 PSPermGen       total 21504K, used 20798K [0x00000000b0000000, 0x00000000b1500000, 0x00000000c0000000)
  object space 21504K, 96% used [0x00000000b0000000,0x00000000b144fae0,0x00000000b1500000)
}
Event: 2.023 GC heap before
{Heap before GC invocations=4 (full 0):
 PSYoungGen      total 55296K, used 55283K [0x00000000eaa80000, 0x00000000f1680000, 0x0000000100000000)
  eden space 47616K, 100% used [0x00000000eaa80000,0x00000000ed900000,0x00000000ed900000)
  from space 7680K, 99% used [0x00000000ed900000,0x00000000ee07cf20,0x00000000ee080000)
  to   space 7680K, 0% used [0x00000000f0f00000,0x00000000f0f00000,0x00000000f1680000)
 ParOldGen       total 124928K, used 1595K [0x00000000c0000000, 0x00000000c7a00000, 0x00000000eaa80000)
  object space 124928K, 1% used [0x00000000c0000000,0x00000000c018ecc8,0x00000000c7a00000)
 PSPermGen       total 21504K, used 20806K [0x00000000b0000000, 0x00000000b1500000, 0x00000000c0000000)
  object space 21504K, 96% used [0x00000000b0000000,0x00000000b14518d0,0x00000000b1500000)
Event: 2.033 GC heap after
Heap after GC invocations=4 (full 0):
 PSYoungGen      total 102912K, used 6148K [0x00000000eaa80000, 0x00000000f1680000, 0x0000000100000000)
  eden space 95232K, 0% used [0x00000000eaa80000,0x00000000eaa80000,0x00000000f0780000)
  from space 7680K, 80% used [0x00000000f0f00000,0x00000000f1501100,0x00000000f1680000)
  to   space 7680K, 0% used [0x00000000f0780000,0x00000000f0780000,0x00000000f0f00000)
 ParOldGen       total 124928K, used 1595K [0x00000000c0000000, 0x00000000c7a00000, 0x00000000eaa80000)
  object space 124928K, 1% used [0x00000000c0000000,0x00000000c018ecc8,0x00000000c7a00000)
 PSPermGen       total 21504K, used 20806K [0x00000000b0000000, 0x00000000b1500000, 0x00000000c0000000)
  object space 21504K, 96% used [0x00000000b0000000,0x00000000b14518d0,0x00000000b1500000)
}
Event: 2.709 GC heap before
{Heap before GC invocations=5 (full 0):
 PSYoungGen      total 102912K, used 101380K [0x00000000eaa80000, 0x00000000f1680000, 0x0000000100000000)
  eden space 95232K, 100% used [0x00000000eaa80000,0x00000000f0780000,0x00000000f0780000)
  from space 7680K, 80% used [0x00000000f0f00000,0x00000000f1501100,0x00000000f1680000)
  to   space 7680K, 0% used [0x00000000f0780000,0x00000000f0780000,0x00000000f0f00000)
 ParOldGen       total 124928K, used 1595K [0x00000000c0000000, 0x00000000c7a00000, 0x00000000eaa80000)
  object space 124928K, 1% used [0x00000000c0000000,0x00000000c018ecc8,0x00000000c7a00000)
 PSPermGen       total 24576K, used 24148K [0x00000000b0000000, 0x00000000b1800000, 0x00000000c0000000)
  object space 24576K, 98% used [0x00000000b0000000,0x00000000b1795090,0x00000000b1800000)
Event: 2.725 GC heap after
Heap after GC invocations=5 (full 0):
 PSYoungGen      total 102912K, used 7664K [0x00000000eaa80000, 0x00000000f7d80000, 0x0000000100000000)
  eden space 95232K, 0% used [0x00000000eaa80000,0x00000000eaa80000,0x00000000f0780000)
  from space 7680K, 99% used [0x00000000f0780000,0x00000000f0efc030,0x00000000f0f00000)
  to   space 12800K, 0% used [0x00000000f7100000,0x00000000f7100000,0x00000000f7d80000)
 ParOldGen       total 124928K, used 6377K [0x00000000c0000000, 0x00000000c7a00000, 0x00000000eaa80000)
  object space 124928K, 5% used [0x00000000c0000000,0x00000000c063a450,0x00000000c7a00000)
 PSPermGen       total 24576K, used 24148K [0x00000000b0000000, 0x00000000b1800000, 0x00000000c0000000)
  object space 24576K, 98% used [0x00000000b0000000,0x00000000b1795090,0x00000000b1800000)
}
Event: 3.972 GC heap before
{Heap before GC invocations=6 (full 0):
 PSYoungGen      total 102912K, used 102896K [0x00000000eaa80000, 0x00000000f7d80000, 0x0000000100000000)
  eden space 95232K, 100% used [0x00000000eaa80000,0x00000000f0780000,0x00000000f0780000)
  from space 7680K, 99% used [0x00000000f0780000,0x00000000f0efc030,0x00000000f0f00000)
  to   space 12800K, 0% used [0x00000000f7100000,0x00000000f7100000,0x00000000f7d80000)
 ParOldGen       total 124928K, used 6377K [0x00000000c0000000, 0x00000000c7a00000, 0x00000000eaa80000)
  object space 124928K, 5% used [0x00000000c0000000,0x00000000c063a450,0x00000000c7a00000)
 PSPermGen       total 31744K, used 31691K [0x00000000b0000000, 0x00000000b1f00000, 0x00000000c0000000)
  object space 31744K, 99% used [0x00000000b0000000,0x00000000b1ef2f20,0x00000000b1f00000)
Event: 3.994 GC heap after
Heap after GC invocations=6 (full 0):
 PSYoungGen      total 199168K, used 12782K [0x00000000eaa80000, 0x00000000f8580000, 0x0000000100000000)
  eden space 186368K, 0% used [0x00000000eaa80000,0x00000000eaa80000,0x00000000f6080000)
  from space 12800K, 99% used [0x00000000f7100000,0x00000000f7d7b800,0x00000000f7d80000)
  to   space 16896K, 0% used [0x00000000f6080000,0x00000000f6080000,0x00000000f7100000)
 ParOldGen       total 124928K, used 10741K [0x00000000c0000000, 0x00000000c7a00000, 0x00000000eaa80000)
  object space 124928K, 8% used [0x00000000c0000000,0x00000000c0a7d7c0,0x00000000c7a00000)
 PSPermGen       total 31744K, used 31691K [0x00000000b0000000, 0x00000000b1f00000, 0x00000000c0000000)
  object space 31744K, 99% used [0x00000000b0000000,0x00000000b1ef2f20,0x00000000b1f00000)
}
Event: 7.911 GC heap before
{Heap before GC invocations=7 (full 0):
 PSYoungGen      total 199168K, used 199150K [0x00000000eaa80000, 0x00000000f8580000, 0x0000000100000000)
  eden space 186368K, 100% used [0x00000000eaa80000,0x00000000f6080000,0x00000000f6080000)
  from space 12800K, 99% used [0x00000000f7100000,0x00000000f7d7b800,0x00000000f7d80000)
  to   space 16896K, 0% used [0x00000000f6080000,0x00000000f6080000,0x00000000f7100000)
 ParOldGen       total 124928K, used 10741K [0x00000000c0000000, 0x00000000c7a00000, 0x00000000eaa80000)
  object space 124928K, 8% used [0x00000000c0000000,0x00000000c0a7d7c0,0x00000000c7a00000)
 PSPermGen       total 42496K, used 42376K [0x00000000b0000000, 0x00000000b2980000, 0x00000000c0000000)
  object space 42496K, 99% used [0x00000000b0000000,0x00000000b29622f0,0x00000000b2980000)
Event: 7.959 GC heap after
Heap after GC invocations=7 (full 0):
 PSYoungGen      total 203264K, used 16890K [0x00000000eaa80000, 0x0000000100000000, 0x0000000100000000)
  eden space 186368K, 0% used [0x00000000eaa80000,0x00000000eaa80000,0x00000000f6080000)
  from space 16896K, 99% used [0x00000000f6080000,0x00000000f70fe990,0x00000000f7100000)
  to   space 31232K, 0% used [0x00000000fe180000,0x00000000fe180000,0x0000000100000000)
 ParOldGen       total 124928K, used 33872K [0x00000000c0000000, 0x00000000c7a00000, 0x00000000eaa80000)
  object space 124928K, 27% used [0x00000000c0000000,0x00000000c2114368,0x00000000c7a00000)
 PSPermGen       total 42496K, used 42376K [0x00000000b0000000, 0x00000000b2980000, 0x00000000c0000000)
  object space 42496K, 99% used [0x00000000b0000000,0x00000000b29622f0,0x00000000b2980000)
}

